2020-10-13 00:19:03 [restartedMain] [INFO] com.onlinecode.OnlineCodeApplication - Starting OnlineCodeApplication using Java 11.0.4 on DESKTOP-3B8PA24 with PID 7832 (D:\gradle-project\onlinecode\build\classes\java\main started by Eanda in D:\gradle-project\onlinecode)
2020-10-13 00:19:03 [restartedMain] [DEBUG] com.onlinecode.OnlineCodeApplication - Running with Spring Boot v2.4.0-SNAPSHOT, Spring v5.3.0-SNAPSHOT
2020-10-13 00:19:03 [restartedMain] [INFO] com.onlinecode.OnlineCodeApplication - No active profile set, falling back to default profiles: default
2020-10-13 00:19:03 [restartedMain] [INFO] o.s.b.d.restart.ChangeableUrls - The Class-Path manifest attribute in C:\Users\Eanda\.gradle\caches\modules-2\files-2.1\javax.xml\jaxb-impl\2.1\8c86d5d4eac7f89cec63432274d712ba82cd201b\jaxb-impl-2.1.jar referenced one or more files that do not exist: file:/C:/Users/Eanda/.gradle/caches/modules-2/files-2.1/javax.xml/jaxb-impl/2.1/8c86d5d4eac7f89cec63432274d712ba82cd201b/jaxb-api.jar,file:/C:/Users/Eanda/.gradle/caches/modules-2/files-2.1/javax.xml/jaxb-impl/2.1/8c86d5d4eac7f89cec63432274d712ba82cd201b/activation.jar,file:/C:/Users/Eanda/.gradle/caches/modules-2/files-2.1/javax.xml/jaxb-impl/2.1/8c86d5d4eac7f89cec63432274d712ba82cd201b/jsr173_1.0_api.jar,file:/C:/Users/Eanda/.gradle/caches/modules-2/files-2.1/javax.xml/jaxb-impl/2.1/8c86d5d4eac7f89cec63432274d712ba82cd201b/jaxb1-impl.jar
2020-10-13 00:19:03 [restartedMain] [INFO] o.s.b.d.e.DevToolsPropertyDefaultsPostProcessor - Devtools property defaults active! Set 'spring.devtools.add-properties' to 'false' to disable
2020-10-13 00:19:03 [restartedMain] [INFO] o.s.b.d.e.DevToolsPropertyDefaultsPostProcessor - For additional web related logging consider setting the 'logging.level.web' property to 'DEBUG'
2020-10-13 00:19:03 [restartedMain] [DEBUG] o.m.s.b.a.MybatisAutoConfiguration - Searching for mappers annotated with @Mapper
2020-10-13 00:19:03 [restartedMain] [DEBUG] o.m.s.b.a.MybatisAutoConfiguration - Using auto-configuration base package 'com.onlinecode'
2020-10-13 00:19:03 [restartedMain] [INFO] o.s.d.r.c.RepositoryConfigurationDelegate - Bootstrapping Spring Data JDBC repositories in DEFAULT mode.
2020-10-13 00:19:03 [restartedMain] [INFO] o.s.d.r.c.RepositoryConfigurationDelegate - Finished Spring Data repository scanning in 16 ms. Found 0 JDBC repository interfaces.
2020-10-13 00:19:03 [restartedMain] [DEBUG] o.m.s.mapper.ClassPathMapperScanner - Identified candidate component class: file [D:\gradle-project\onlinecode\build\classes\java\main\com\onlinecode\admins\dao\CategoryDao.class]
2020-10-13 00:19:03 [restartedMain] [DEBUG] o.m.s.mapper.ClassPathMapperScanner - Identified candidate component class: file [D:\gradle-project\onlinecode\build\classes\java\main\com\onlinecode\admins\dao\CompanyDao.class]
2020-10-13 00:19:03 [restartedMain] [DEBUG] o.m.s.mapper.ClassPathMapperScanner - Identified candidate component class: file [D:\gradle-project\onlinecode\build\classes\java\main\com\onlinecode\admins\dao\ProductDao.class]
2020-10-13 00:19:03 [restartedMain] [DEBUG] o.m.s.mapper.ClassPathMapperScanner - Identified candidate component class: file [D:\gradle-project\onlinecode\build\classes\java\main\com\onlinecode\admins\dao\ResourceFileInfoDao.class]
2020-10-13 00:19:03 [restartedMain] [DEBUG] o.m.s.mapper.ClassPathMapperScanner - Identified candidate component class: file [D:\gradle-project\onlinecode\build\classes\java\main\com\onlinecode\admins\dao\UserAccountDao.class]
2020-10-13 00:19:03 [restartedMain] [DEBUG] o.m.s.mapper.ClassPathMapperScanner - Identified candidate component class: file [D:\gradle-project\onlinecode\build\classes\java\main\com\onlinecode\admins\dao\UserDao.class]
2020-10-13 00:19:03 [restartedMain] [DEBUG] o.m.s.mapper.ClassPathMapperScanner - Identified candidate component class: file [D:\gradle-project\onlinecode\build\classes\java\main\com\onlinecode\admins\dao\VendorDao.class]
2020-10-13 00:19:03 [restartedMain] [DEBUG] o.m.s.mapper.ClassPathMapperScanner - Identified candidate component class: file [D:\gradle-project\onlinecode\build\classes\java\main\com\onlinecode\core\dao\DefaultAuthenticationProviderDao.class]
2020-10-13 00:19:03 [restartedMain] [DEBUG] o.m.s.mapper.ClassPathMapperScanner - Creating MapperFactoryBean with name 'categoryDao' and 'com.onlinecode.admins.dao.CategoryDao' mapperInterface
2020-10-13 00:19:03 [restartedMain] [DEBUG] o.m.s.mapper.ClassPathMapperScanner - Enabling autowire by type for MapperFactoryBean with name 'categoryDao'.
2020-10-13 00:19:03 [restartedMain] [DEBUG] o.m.s.mapper.ClassPathMapperScanner - Creating MapperFactoryBean with name 'companyDao' and 'com.onlinecode.admins.dao.CompanyDao' mapperInterface
2020-10-13 00:19:03 [restartedMain] [DEBUG] o.m.s.mapper.ClassPathMapperScanner - Enabling autowire by type for MapperFactoryBean with name 'companyDao'.
2020-10-13 00:19:03 [restartedMain] [DEBUG] o.m.s.mapper.ClassPathMapperScanner - Creating MapperFactoryBean with name 'productDao' and 'com.onlinecode.admins.dao.ProductDao' mapperInterface
2020-10-13 00:19:03 [restartedMain] [DEBUG] o.m.s.mapper.ClassPathMapperScanner - Enabling autowire by type for MapperFactoryBean with name 'productDao'.
2020-10-13 00:19:03 [restartedMain] [DEBUG] o.m.s.mapper.ClassPathMapperScanner - Creating MapperFactoryBean with name 'resourceFileInfoDao' and 'com.onlinecode.admins.dao.ResourceFileInfoDao' mapperInterface
2020-10-13 00:19:03 [restartedMain] [DEBUG] o.m.s.mapper.ClassPathMapperScanner - Enabling autowire by type for MapperFactoryBean with name 'resourceFileInfoDao'.
2020-10-13 00:19:03 [restartedMain] [DEBUG] o.m.s.mapper.ClassPathMapperScanner - Creating MapperFactoryBean with name 'userAccountDao' and 'com.onlinecode.admins.dao.UserAccountDao' mapperInterface
2020-10-13 00:19:03 [restartedMain] [DEBUG] o.m.s.mapper.ClassPathMapperScanner - Enabling autowire by type for MapperFactoryBean with name 'userAccountDao'.
2020-10-13 00:19:03 [restartedMain] [DEBUG] o.m.s.mapper.ClassPathMapperScanner - Creating MapperFactoryBean with name 'userDao' and 'com.onlinecode.admins.dao.UserDao' mapperInterface
2020-10-13 00:19:03 [restartedMain] [DEBUG] o.m.s.mapper.ClassPathMapperScanner - Enabling autowire by type for MapperFactoryBean with name 'userDao'.
2020-10-13 00:19:03 [restartedMain] [DEBUG] o.m.s.mapper.ClassPathMapperScanner - Creating MapperFactoryBean with name 'vendorDao' and 'com.onlinecode.admins.dao.VendorDao' mapperInterface
2020-10-13 00:19:03 [restartedMain] [DEBUG] o.m.s.mapper.ClassPathMapperScanner - Enabling autowire by type for MapperFactoryBean with name 'vendorDao'.
2020-10-13 00:19:03 [restartedMain] [DEBUG] o.m.s.mapper.ClassPathMapperScanner - Creating MapperFactoryBean with name 'defaultAuthenticationProviderDao' and 'com.onlinecode.core.dao.DefaultAuthenticationProviderDao' mapperInterface
2020-10-13 00:19:03 [restartedMain] [DEBUG] o.m.s.mapper.ClassPathMapperScanner - Enabling autowire by type for MapperFactoryBean with name 'defaultAuthenticationProviderDao'.
2020-10-13 00:19:03 [restartedMain] [INFO] o.s.c.s.PostProcessorRegistrationDelegate$BeanPostProcessorChecker - Bean 'org.springframework.ws.config.annotation.DelegatingWsConfiguration' of type [org.springframework.ws.config.annotation.DelegatingWsConfiguration$$EnhancerBySpringCGLIB$$4ab4287b] is not eligible for getting processed by all BeanPostProcessors (for example: not eligible for auto-proxying)
2020-10-13 00:19:03 [restartedMain] [INFO] o.s.w.s.a.s.AnnotationActionEndpointMapping - Supporting [WS-Addressing August 2004, WS-Addressing 1.0]
2020-10-13 00:19:03 [restartedMain] [INFO] o.s.c.s.PostProcessorRegistrationDelegate$BeanPostProcessorChecker - Bean 'org.springframework.security.access.expression.method.DefaultMethodSecurityExpressionHandler@4bbbd759' of type [org.springframework.security.access.expression.method.DefaultMethodSecurityExpressionHandler] is not eligible for getting processed by all BeanPostProcessors (for example: not eligible for auto-proxying)
2020-10-13 00:19:03 [restartedMain] [INFO] o.s.c.s.PostProcessorRegistrationDelegate$BeanPostProcessorChecker - Bean 'methodSecurityMetadataSource' of type [org.springframework.security.access.method.DelegatingMethodSecurityMetadataSource] is not eligible for getting processed by all BeanPostProcessors (for example: not eligible for auto-proxying)
2020-10-13 00:19:04 [restartedMain] [INFO] o.s.b.w.e.tomcat.TomcatWebServer - Tomcat initialized with port(s): 8080 (http)
2020-10-13 00:19:04 [restartedMain] [INFO] o.a.coyote.http11.Http11NioProtocol - Initializing ProtocolHandler ["http-nio-8080"]
2020-10-13 00:19:04 [restartedMain] [INFO] o.a.catalina.core.StandardService - Starting service [Tomcat]
2020-10-13 00:19:04 [restartedMain] [INFO] o.a.catalina.core.StandardEngine - Starting Servlet engine: [Apache Tomcat/9.0.38]
2020-10-13 00:19:04 [restartedMain] [INFO] o.a.c.c.C.[Tomcat].[localhost].[/] - Initializing Spring embedded WebApplicationContext
2020-10-13 00:19:04 [restartedMain] [INFO] o.s.b.w.s.c.ServletWebServerApplicationContext - Root WebApplicationContext: initialization completed in 1241 ms
2020-10-13 00:19:04 [restartedMain] [DEBUG] o.m.spring.SqlSessionFactoryBean - Parsed configuration file: 'class path resource [mybatis/mybatis_config.xml]'
2020-10-13 00:19:04 [restartedMain] [DEBUG] o.m.spring.SqlSessionFactoryBean - Parsed mapper file: 'file [D:\gradle-project\onlinecode\build\resources\main\mybatis\mapper\admins\categoryDai.xml]'
2020-10-13 00:19:04 [restartedMain] [DEBUG] o.m.spring.SqlSessionFactoryBean - Parsed mapper file: 'file [D:\gradle-project\onlinecode\build\resources\main\mybatis\mapper\admins\companyDAO.xml]'
2020-10-13 00:19:04 [restartedMain] [DEBUG] o.m.spring.SqlSessionFactoryBean - Parsed mapper file: 'file [D:\gradle-project\onlinecode\build\resources\main\mybatis\mapper\admins\productDao.xml]'
2020-10-13 00:19:04 [restartedMain] [DEBUG] o.m.spring.SqlSessionFactoryBean - Parsed mapper file: 'file [D:\gradle-project\onlinecode\build\resources\main\mybatis\mapper\admins\rescourceFileInfoDao.xml]'
2020-10-13 00:19:04 [restartedMain] [DEBUG] o.m.spring.SqlSessionFactoryBean - Parsed mapper file: 'file [D:\gradle-project\onlinecode\build\resources\main\mybatis\mapper\admins\userAccountDao.xml]'
2020-10-13 00:19:04 [restartedMain] [DEBUG] o.m.spring.SqlSessionFactoryBean - Parsed mapper file: 'file [D:\gradle-project\onlinecode\build\resources\main\mybatis\mapper\admins\userDao.xml]'
2020-10-13 00:19:04 [restartedMain] [DEBUG] o.m.spring.SqlSessionFactoryBean - Parsed mapper file: 'file [D:\gradle-project\onlinecode\build\resources\main\mybatis\mapper\admins\vendorDao.xml]'
2020-10-13 00:19:04 [restartedMain] [DEBUG] o.m.spring.SqlSessionFactoryBean - Parsed mapper file: 'file [D:\gradle-project\onlinecode\build\resources\main\mybatis\mapper\core\defaultAuthenticationProviderDao.xml]'
2020-10-13 00:19:05 [restartedMain] [INFO] o.s.s.web.DefaultSecurityFilterChain - Will secure Ant [pattern='/api/web/**'] with []
2020-10-13 00:19:05 [restartedMain] [INFO] o.s.s.web.DefaultSecurityFilterChain - Will secure Ant [pattern='/api/mobile/**'] with []
2020-10-13 00:19:05 [restartedMain] [INFO] o.s.s.web.DefaultSecurityFilterChain - Will secure Ant [pattern='/file/api/**'] with []
2020-10-13 00:19:05 [restartedMain] [INFO] o.s.s.web.DefaultSecurityFilterChain - Will secure Ant [pattern='/401.html'] with []
2020-10-13 00:19:05 [restartedMain] [INFO] o.s.s.web.DefaultSecurityFilterChain - Will secure Ant [pattern='/404.html'] with []
2020-10-13 00:19:05 [restartedMain] [INFO] o.s.s.web.DefaultSecurityFilterChain - Will secure Ant [pattern='/500.html'] with []
2020-10-13 00:19:05 [restartedMain] [INFO] o.s.s.web.DefaultSecurityFilterChain - Will secure Or [Ant [pattern='/oauth/token'], Ant [pattern='/oauth/token_key'], Ant [pattern='/oauth/check_token']] with [org.springframework.security.web.context.request.async.WebAsyncManagerIntegrationFilter@2a529005, org.springframework.security.web.context.SecurityContextPersistenceFilter@7b9e303, org.springframework.security.web.header.HeaderWriterFilter@7e4b2482, org.springframework.security.web.authentication.logout.LogoutFilter@5b559d8, org.springframework.security.web.authentication.www.BasicAuthenticationFilter@23b30023, org.springframework.security.web.savedrequest.RequestCacheAwareFilter@694f9f4b, org.springframework.security.web.servletapi.SecurityContextHolderAwareRequestFilter@42ac689f, org.springframework.security.web.authentication.AnonymousAuthenticationFilter@36ffda60, org.springframework.security.web.session.SessionManagementFilter@1676ab0d, org.springframework.security.web.access.ExceptionTranslationFilter@5e123537, org.springframework.security.web.access.intercept.FilterSecurityInterceptor@760ecbc0]
2020-10-13 00:19:05 [restartedMain] [INFO] o.s.s.web.DefaultSecurityFilterChain - Will secure Or [Ant [pattern='/api/**']] with [org.springframework.security.web.context.request.async.WebAsyncManagerIntegrationFilter@6306e685, org.springframework.security.web.context.SecurityContextPersistenceFilter@21f0be9a, org.springframework.security.web.header.HeaderWriterFilter@21902fb2, org.springframework.security.web.authentication.logout.LogoutFilter@712afae5, org.springframework.security.oauth2.provider.authentication.OAuth2AuthenticationProcessingFilter@366ae88f, org.springframework.security.web.savedrequest.RequestCacheAwareFilter@16f7e209, org.springframework.security.web.servletapi.SecurityContextHolderAwareRequestFilter@36bab2da, org.springframework.security.web.authentication.AnonymousAuthenticationFilter@38e1430a, org.springframework.security.web.session.SessionManagementFilter@cbdfdd0, org.springframework.security.web.access.ExceptionTranslationFilter@53640c5, org.springframework.security.web.access.intercept.FilterSecurityInterceptor@52282ca6]
2020-10-13 00:19:05 [restartedMain] [INFO] o.s.s.web.DefaultSecurityFilterChain - Will secure any request with [org.springframework.security.web.context.request.async.WebAsyncManagerIntegrationFilter@72fe1cd4, org.springframework.security.web.context.SecurityContextPersistenceFilter@41a78304, org.springframework.security.web.header.HeaderWriterFilter@7e583017, org.springframework.security.web.csrf.CsrfFilter@799e5c19, org.springframework.security.web.authentication.logout.LogoutFilter@668e8684, org.springframework.security.web.authentication.UsernamePasswordAuthenticationFilter@6170c3b7, org.springframework.security.web.authentication.ui.DefaultLoginPageGeneratingFilter@64a5c0e5, org.springframework.security.web.authentication.ui.DefaultLogoutPageGeneratingFilter@39c31a19, org.springframework.security.web.authentication.www.BasicAuthenticationFilter@6b298b1e, org.springframework.security.web.savedrequest.RequestCacheAwareFilter@2cfbb3d, org.springframework.security.web.servletapi.SecurityContextHolderAwareRequestFilter@3d28ebfb, org.springframework.security.web.authentication.AnonymousAuthenticationFilter@5ec90bed, org.springframework.security.web.session.SessionManagementFilter@4a5260c3, org.springframework.security.web.access.ExceptionTranslationFilter@7e77bb86, org.springframework.security.web.access.intercept.FilterSecurityInterceptor@63850e7c]
2020-10-13 00:19:05 [restartedMain] [INFO] o.s.s.c.ThreadPoolTaskExecutor - Initializing ExecutorService 'applicationTaskExecutor'
2020-10-13 00:19:05 [restartedMain] [WARN] o.t.templatemode.TemplateMode - [THYMELEAF][restartedMain] Template Mode 'LEGACYHTML5' is deprecated. Using Template Mode 'HTML' instead.
2020-10-13 00:19:05 [restartedMain] [DEBUG] o.m.s.b.a.MybatisAutoConfiguration - Not found configuration for registering mapper bean using @MapperScan, MapperFactoryBean and MapperScannerConfigurer.
2020-10-13 00:19:05 [restartedMain] [INFO] com.zaxxer.hikari.HikariDataSource - HikariPool-1 - Starting...
2020-10-13 00:19:05 [restartedMain] [INFO] com.zaxxer.hikari.HikariDataSource - HikariPool-1 - Start completed.
2020-10-13 00:19:05 [restartedMain] [INFO] o.s.b.d.a.OptionalLiveReloadServer - LiveReload server is running on port 35729
2020-10-13 00:19:05 [restartedMain] [INFO] o.a.coyote.http11.Http11NioProtocol - Starting ProtocolHandler ["http-nio-8080"]
2020-10-13 00:19:05 [restartedMain] [INFO] o.s.b.w.e.tomcat.TomcatWebServer - Tomcat started on port(s): 8080 (http) with context path ''
2020-10-13 00:19:05 [restartedMain] [INFO] com.onlinecode.OnlineCodeApplication - Started OnlineCodeApplication in 2.838 seconds (JVM running for 3.668)
2020-10-13 00:32:01 [restartedMain] [INFO] com.onlinecode.OnlineCodeApplication - Starting OnlineCodeApplication using Java 11.0.4 on DESKTOP-3B8PA24 with PID 16188 (D:\gradle-project\onlinecode\build\classes\java\main started by Eanda in D:\gradle-project\onlinecode)
2020-10-13 00:32:01 [restartedMain] [DEBUG] com.onlinecode.OnlineCodeApplication - Running with Spring Boot v2.4.0-SNAPSHOT, Spring v5.3.0-SNAPSHOT
2020-10-13 00:32:01 [restartedMain] [INFO] com.onlinecode.OnlineCodeApplication - No active profile set, falling back to default profiles: default
2020-10-13 00:32:01 [restartedMain] [INFO] o.s.b.d.restart.ChangeableUrls - The Class-Path manifest attribute in C:\Users\Eanda\.gradle\caches\modules-2\files-2.1\javax.xml\jaxb-impl\2.1\8c86d5d4eac7f89cec63432274d712ba82cd201b\jaxb-impl-2.1.jar referenced one or more files that do not exist: file:/C:/Users/Eanda/.gradle/caches/modules-2/files-2.1/javax.xml/jaxb-impl/2.1/8c86d5d4eac7f89cec63432274d712ba82cd201b/jaxb-api.jar,file:/C:/Users/Eanda/.gradle/caches/modules-2/files-2.1/javax.xml/jaxb-impl/2.1/8c86d5d4eac7f89cec63432274d712ba82cd201b/activation.jar,file:/C:/Users/Eanda/.gradle/caches/modules-2/files-2.1/javax.xml/jaxb-impl/2.1/8c86d5d4eac7f89cec63432274d712ba82cd201b/jsr173_1.0_api.jar,file:/C:/Users/Eanda/.gradle/caches/modules-2/files-2.1/javax.xml/jaxb-impl/2.1/8c86d5d4eac7f89cec63432274d712ba82cd201b/jaxb1-impl.jar
2020-10-13 00:32:01 [restartedMain] [INFO] o.s.b.d.e.DevToolsPropertyDefaultsPostProcessor - Devtools property defaults active! Set 'spring.devtools.add-properties' to 'false' to disable
2020-10-13 00:32:01 [restartedMain] [INFO] o.s.b.d.e.DevToolsPropertyDefaultsPostProcessor - For additional web related logging consider setting the 'logging.level.web' property to 'DEBUG'
2020-10-13 00:32:01 [restartedMain] [DEBUG] o.m.s.b.a.MybatisAutoConfiguration - Searching for mappers annotated with @Mapper
2020-10-13 00:32:01 [restartedMain] [DEBUG] o.m.s.b.a.MybatisAutoConfiguration - Using auto-configuration base package 'com.onlinecode'
2020-10-13 00:32:01 [restartedMain] [INFO] o.s.d.r.c.RepositoryConfigurationDelegate - Bootstrapping Spring Data JDBC repositories in DEFAULT mode.
2020-10-13 00:32:01 [restartedMain] [INFO] o.s.d.r.c.RepositoryConfigurationDelegate - Finished Spring Data repository scanning in 15 ms. Found 0 JDBC repository interfaces.
2020-10-13 00:32:01 [restartedMain] [DEBUG] o.m.s.mapper.ClassPathMapperScanner - Identified candidate component class: file [D:\gradle-project\onlinecode\build\classes\java\main\com\onlinecode\admins\dao\CategoryDao.class]
2020-10-13 00:32:01 [restartedMain] [DEBUG] o.m.s.mapper.ClassPathMapperScanner - Identified candidate component class: file [D:\gradle-project\onlinecode\build\classes\java\main\com\onlinecode\admins\dao\CompanyDao.class]
2020-10-13 00:32:01 [restartedMain] [DEBUG] o.m.s.mapper.ClassPathMapperScanner - Identified candidate component class: file [D:\gradle-project\onlinecode\build\classes\java\main\com\onlinecode\admins\dao\ProductDao.class]
2020-10-13 00:32:01 [restartedMain] [DEBUG] o.m.s.mapper.ClassPathMapperScanner - Identified candidate component class: file [D:\gradle-project\onlinecode\build\classes\java\main\com\onlinecode\admins\dao\ResourceFileInfoDao.class]
2020-10-13 00:32:01 [restartedMain] [DEBUG] o.m.s.mapper.ClassPathMapperScanner - Identified candidate component class: file [D:\gradle-project\onlinecode\build\classes\java\main\com\onlinecode\admins\dao\UserAccountDao.class]
2020-10-13 00:32:01 [restartedMain] [DEBUG] o.m.s.mapper.ClassPathMapperScanner - Identified candidate component class: file [D:\gradle-project\onlinecode\build\classes\java\main\com\onlinecode\admins\dao\UserDao.class]
2020-10-13 00:32:01 [restartedMain] [DEBUG] o.m.s.mapper.ClassPathMapperScanner - Identified candidate component class: file [D:\gradle-project\onlinecode\build\classes\java\main\com\onlinecode\admins\dao\VendorDao.class]
2020-10-13 00:32:01 [restartedMain] [DEBUG] o.m.s.mapper.ClassPathMapperScanner - Identified candidate component class: file [D:\gradle-project\onlinecode\build\classes\java\main\com\onlinecode\core\dao\DefaultAuthenticationProviderDao.class]
2020-10-13 00:32:01 [restartedMain] [DEBUG] o.m.s.mapper.ClassPathMapperScanner - Creating MapperFactoryBean with name 'categoryDao' and 'com.onlinecode.admins.dao.CategoryDao' mapperInterface
2020-10-13 00:32:01 [restartedMain] [DEBUG] o.m.s.mapper.ClassPathMapperScanner - Enabling autowire by type for MapperFactoryBean with name 'categoryDao'.
2020-10-13 00:32:01 [restartedMain] [DEBUG] o.m.s.mapper.ClassPathMapperScanner - Creating MapperFactoryBean with name 'companyDao' and 'com.onlinecode.admins.dao.CompanyDao' mapperInterface
2020-10-13 00:32:01 [restartedMain] [DEBUG] o.m.s.mapper.ClassPathMapperScanner - Enabling autowire by type for MapperFactoryBean with name 'companyDao'.
2020-10-13 00:32:01 [restartedMain] [DEBUG] o.m.s.mapper.ClassPathMapperScanner - Creating MapperFactoryBean with name 'productDao' and 'com.onlinecode.admins.dao.ProductDao' mapperInterface
2020-10-13 00:32:01 [restartedMain] [DEBUG] o.m.s.mapper.ClassPathMapperScanner - Enabling autowire by type for MapperFactoryBean with name 'productDao'.
2020-10-13 00:32:01 [restartedMain] [DEBUG] o.m.s.mapper.ClassPathMapperScanner - Creating MapperFactoryBean with name 'resourceFileInfoDao' and 'com.onlinecode.admins.dao.ResourceFileInfoDao' mapperInterface
2020-10-13 00:32:01 [restartedMain] [DEBUG] o.m.s.mapper.ClassPathMapperScanner - Enabling autowire by type for MapperFactoryBean with name 'resourceFileInfoDao'.
2020-10-13 00:32:01 [restartedMain] [DEBUG] o.m.s.mapper.ClassPathMapperScanner - Creating MapperFactoryBean with name 'userAccountDao' and 'com.onlinecode.admins.dao.UserAccountDao' mapperInterface
2020-10-13 00:32:01 [restartedMain] [DEBUG] o.m.s.mapper.ClassPathMapperScanner - Enabling autowire by type for MapperFactoryBean with name 'userAccountDao'.
2020-10-13 00:32:01 [restartedMain] [DEBUG] o.m.s.mapper.ClassPathMapperScanner - Creating MapperFactoryBean with name 'userDao' and 'com.onlinecode.admins.dao.UserDao' mapperInterface
2020-10-13 00:32:01 [restartedMain] [DEBUG] o.m.s.mapper.ClassPathMapperScanner - Enabling autowire by type for MapperFactoryBean with name 'userDao'.
2020-10-13 00:32:01 [restartedMain] [DEBUG] o.m.s.mapper.ClassPathMapperScanner - Creating MapperFactoryBean with name 'vendorDao' and 'com.onlinecode.admins.dao.VendorDao' mapperInterface
2020-10-13 00:32:01 [restartedMain] [DEBUG] o.m.s.mapper.ClassPathMapperScanner - Enabling autowire by type for MapperFactoryBean with name 'vendorDao'.
2020-10-13 00:32:01 [restartedMain] [DEBUG] o.m.s.mapper.ClassPathMapperScanner - Creating MapperFactoryBean with name 'defaultAuthenticationProviderDao' and 'com.onlinecode.core.dao.DefaultAuthenticationProviderDao' mapperInterface
2020-10-13 00:32:01 [restartedMain] [DEBUG] o.m.s.mapper.ClassPathMapperScanner - Enabling autowire by type for MapperFactoryBean with name 'defaultAuthenticationProviderDao'.
2020-10-13 00:32:02 [restartedMain] [INFO] o.s.c.s.PostProcessorRegistrationDelegate$BeanPostProcessorChecker - Bean 'org.springframework.ws.config.annotation.DelegatingWsConfiguration' of type [org.springframework.ws.config.annotation.DelegatingWsConfiguration$$EnhancerBySpringCGLIB$$ca35fa1a] is not eligible for getting processed by all BeanPostProcessors (for example: not eligible for auto-proxying)
2020-10-13 00:32:02 [restartedMain] [INFO] o.s.w.s.a.s.AnnotationActionEndpointMapping - Supporting [WS-Addressing August 2004, WS-Addressing 1.0]
2020-10-13 00:32:02 [restartedMain] [INFO] o.s.c.s.PostProcessorRegistrationDelegate$BeanPostProcessorChecker - Bean 'org.springframework.security.access.expression.method.DefaultMethodSecurityExpressionHandler@3bc04ab' of type [org.springframework.security.access.expression.method.DefaultMethodSecurityExpressionHandler] is not eligible for getting processed by all BeanPostProcessors (for example: not eligible for auto-proxying)
2020-10-13 00:32:02 [restartedMain] [INFO] o.s.c.s.PostProcessorRegistrationDelegate$BeanPostProcessorChecker - Bean 'methodSecurityMetadataSource' of type [org.springframework.security.access.method.DelegatingMethodSecurityMetadataSource] is not eligible for getting processed by all BeanPostProcessors (for example: not eligible for auto-proxying)
2020-10-13 00:32:02 [restartedMain] [INFO] o.s.b.w.e.tomcat.TomcatWebServer - Tomcat initialized with port(s): 8080 (http)
2020-10-13 00:32:02 [restartedMain] [INFO] o.a.coyote.http11.Http11NioProtocol - Initializing ProtocolHandler ["http-nio-8080"]
2020-10-13 00:32:02 [restartedMain] [INFO] o.a.catalina.core.StandardService - Starting service [Tomcat]
2020-10-13 00:32:02 [restartedMain] [INFO] o.a.catalina.core.StandardEngine - Starting Servlet engine: [Apache Tomcat/9.0.38]
2020-10-13 00:32:02 [restartedMain] [INFO] o.a.c.c.C.[Tomcat].[localhost].[/] - Initializing Spring embedded WebApplicationContext
2020-10-13 00:32:02 [restartedMain] [INFO] o.s.b.w.s.c.ServletWebServerApplicationContext - Root WebApplicationContext: initialization completed in 1092 ms
2020-10-13 00:32:02 [restartedMain] [DEBUG] o.m.spring.SqlSessionFactoryBean - Parsed configuration file: 'class path resource [mybatis/mybatis_config.xml]'
2020-10-13 00:32:02 [restartedMain] [DEBUG] o.m.spring.SqlSessionFactoryBean - Parsed mapper file: 'file [D:\gradle-project\onlinecode\build\resources\main\mybatis\mapper\admins\categoryDai.xml]'
2020-10-13 00:32:02 [restartedMain] [DEBUG] o.m.spring.SqlSessionFactoryBean - Parsed mapper file: 'file [D:\gradle-project\onlinecode\build\resources\main\mybatis\mapper\admins\companyDAO.xml]'
2020-10-13 00:32:02 [restartedMain] [DEBUG] o.m.spring.SqlSessionFactoryBean - Parsed mapper file: 'file [D:\gradle-project\onlinecode\build\resources\main\mybatis\mapper\admins\productDao.xml]'
2020-10-13 00:32:02 [restartedMain] [DEBUG] o.m.spring.SqlSessionFactoryBean - Parsed mapper file: 'file [D:\gradle-project\onlinecode\build\resources\main\mybatis\mapper\admins\rescourceFileInfoDao.xml]'
2020-10-13 00:32:02 [restartedMain] [DEBUG] o.m.spring.SqlSessionFactoryBean - Parsed mapper file: 'file [D:\gradle-project\onlinecode\build\resources\main\mybatis\mapper\admins\userAccountDao.xml]'
2020-10-13 00:32:02 [restartedMain] [DEBUG] o.m.spring.SqlSessionFactoryBean - Parsed mapper file: 'file [D:\gradle-project\onlinecode\build\resources\main\mybatis\mapper\admins\userDao.xml]'
2020-10-13 00:32:02 [restartedMain] [DEBUG] o.m.spring.SqlSessionFactoryBean - Parsed mapper file: 'file [D:\gradle-project\onlinecode\build\resources\main\mybatis\mapper\admins\vendorDao.xml]'
2020-10-13 00:32:02 [restartedMain] [DEBUG] o.m.spring.SqlSessionFactoryBean - Parsed mapper file: 'file [D:\gradle-project\onlinecode\build\resources\main\mybatis\mapper\core\defaultAuthenticationProviderDao.xml]'
2020-10-13 00:32:03 [restartedMain] [INFO] o.s.s.web.DefaultSecurityFilterChain - Will secure Ant [pattern='/api/web/**'] with []
2020-10-13 00:32:03 [restartedMain] [INFO] o.s.s.web.DefaultSecurityFilterChain - Will secure Ant [pattern='/api/mobile/**'] with []
2020-10-13 00:32:03 [restartedMain] [INFO] o.s.s.web.DefaultSecurityFilterChain - Will secure Ant [pattern='/file/api/**'] with []
2020-10-13 00:32:03 [restartedMain] [INFO] o.s.s.web.DefaultSecurityFilterChain - Will secure Ant [pattern='/401.html'] with []
2020-10-13 00:32:03 [restartedMain] [INFO] o.s.s.web.DefaultSecurityFilterChain - Will secure Ant [pattern='/404.html'] with []
2020-10-13 00:32:03 [restartedMain] [INFO] o.s.s.web.DefaultSecurityFilterChain - Will secure Ant [pattern='/500.html'] with []
2020-10-13 00:32:03 [restartedMain] [INFO] o.s.s.web.DefaultSecurityFilterChain - Will secure Or [Ant [pattern='/oauth/token'], Ant [pattern='/oauth/token_key'], Ant [pattern='/oauth/check_token']] with [org.springframework.security.web.context.request.async.WebAsyncManagerIntegrationFilter@3706be33, org.springframework.security.web.context.SecurityContextPersistenceFilter@34544ac6, org.springframework.security.web.header.HeaderWriterFilter@53060ffb, org.springframework.security.web.authentication.logout.LogoutFilter@4c72556b, org.springframework.security.web.authentication.www.BasicAuthenticationFilter@7d046be2, org.springframework.security.web.savedrequest.RequestCacheAwareFilter@5238f7b9, org.springframework.security.web.servletapi.SecurityContextHolderAwareRequestFilter@3d1fc65d, org.springframework.security.web.authentication.AnonymousAuthenticationFilter@5b85dc93, org.springframework.security.web.session.SessionManagementFilter@5c374df7, org.springframework.security.web.access.ExceptionTranslationFilter@2c89fb41, org.springframework.security.web.access.intercept.FilterSecurityInterceptor@368f1ff8]
2020-10-13 00:32:03 [restartedMain] [INFO] o.s.s.web.DefaultSecurityFilterChain - Will secure Or [Ant [pattern='/api/**']] with [org.springframework.security.web.context.request.async.WebAsyncManagerIntegrationFilter@d2639cb, org.springframework.security.web.context.SecurityContextPersistenceFilter@da2deb2, org.springframework.security.web.header.HeaderWriterFilter@feb3f59, org.springframework.security.web.authentication.logout.LogoutFilter@56cce11b, org.springframework.security.oauth2.provider.authentication.OAuth2AuthenticationProcessingFilter@605f3739, org.springframework.security.web.savedrequest.RequestCacheAwareFilter@2b526bf9, org.springframework.security.web.servletapi.SecurityContextHolderAwareRequestFilter@7d15883d, org.springframework.security.web.authentication.AnonymousAuthenticationFilter@1a21b208, org.springframework.security.web.session.SessionManagementFilter@587d1b1b, org.springframework.security.web.access.ExceptionTranslationFilter@12869a0d, org.springframework.security.web.access.intercept.FilterSecurityInterceptor@4fc58ef4]
2020-10-13 00:32:03 [restartedMain] [INFO] o.s.s.web.DefaultSecurityFilterChain - Will secure any request with [org.springframework.security.web.context.request.async.WebAsyncManagerIntegrationFilter@29f87aab, org.springframework.security.web.context.SecurityContextPersistenceFilter@79d9b51, org.springframework.security.web.header.HeaderWriterFilter@7121f731, org.springframework.security.web.csrf.CsrfFilter@2e6aa95b, org.springframework.security.web.authentication.logout.LogoutFilter@1087428a, org.springframework.security.web.authentication.UsernamePasswordAuthenticationFilter@7237018f, org.springframework.security.web.authentication.ui.DefaultLoginPageGeneratingFilter@1b7c3df2, org.springframework.security.web.authentication.ui.DefaultLogoutPageGeneratingFilter@4f3d39fe, org.springframework.security.web.authentication.www.BasicAuthenticationFilter@29de9b4b, org.springframework.security.web.savedrequest.RequestCacheAwareFilter@2fb9e1ce, org.springframework.security.web.servletapi.SecurityContextHolderAwareRequestFilter@515f1377, org.springframework.security.web.authentication.AnonymousAuthenticationFilter@54c72ef, org.springframework.security.web.session.SessionManagementFilter@7c46c5f3, org.springframework.security.web.access.ExceptionTranslationFilter@49bc360a, org.springframework.security.web.access.intercept.FilterSecurityInterceptor@1a4f9d8f]
2020-10-13 00:32:03 [restartedMain] [INFO] o.s.s.c.ThreadPoolTaskExecutor - Initializing ExecutorService 'applicationTaskExecutor'
2020-10-13 00:32:03 [restartedMain] [WARN] o.t.templatemode.TemplateMode - [THYMELEAF][restartedMain] Template Mode 'LEGACYHTML5' is deprecated. Using Template Mode 'HTML' instead.
2020-10-13 00:32:03 [restartedMain] [DEBUG] o.m.s.b.a.MybatisAutoConfiguration - Not found configuration for registering mapper bean using @MapperScan, MapperFactoryBean and MapperScannerConfigurer.
2020-10-13 00:32:03 [restartedMain] [INFO] com.zaxxer.hikari.HikariDataSource - HikariPool-1 - Starting...
2020-10-13 00:32:03 [restartedMain] [INFO] com.zaxxer.hikari.HikariDataSource - HikariPool-1 - Start completed.
2020-10-13 00:32:03 [restartedMain] [INFO] o.s.b.d.a.OptionalLiveReloadServer - LiveReload server is running on port 35729
2020-10-13 00:32:03 [restartedMain] [INFO] o.a.coyote.http11.Http11NioProtocol - Starting ProtocolHandler ["http-nio-8080"]
2020-10-13 00:32:03 [restartedMain] [INFO] o.s.b.w.e.tomcat.TomcatWebServer - Tomcat started on port(s): 8080 (http) with context path ''
2020-10-13 00:32:03 [restartedMain] [INFO] com.onlinecode.OnlineCodeApplication - Started OnlineCodeApplication in 2.464 seconds (JVM running for 3.163)
2020-10-13 21:25:22 [restartedMain] [INFO] com.onlinecode.OnlineCodeApplication - Starting OnlineCodeApplication using Java 11.0.4 on DESKTOP-3B8PA24 with PID 2304 (D:\gradle-project\onlinecode\build\classes\java\main started by Eanda in D:\gradle-project\onlinecode)
2020-10-13 21:25:22 [restartedMain] [DEBUG] com.onlinecode.OnlineCodeApplication - Running with Spring Boot v2.4.0-SNAPSHOT, Spring v5.3.0-SNAPSHOT
2020-10-13 21:25:22 [restartedMain] [INFO] com.onlinecode.OnlineCodeApplication - No active profile set, falling back to default profiles: default
2020-10-13 21:25:22 [restartedMain] [INFO] o.s.b.d.restart.ChangeableUrls - The Class-Path manifest attribute in C:\Users\Eanda\.gradle\caches\modules-2\files-2.1\javax.xml\jaxb-impl\2.1\8c86d5d4eac7f89cec63432274d712ba82cd201b\jaxb-impl-2.1.jar referenced one or more files that do not exist: file:/C:/Users/Eanda/.gradle/caches/modules-2/files-2.1/javax.xml/jaxb-impl/2.1/8c86d5d4eac7f89cec63432274d712ba82cd201b/jaxb-api.jar,file:/C:/Users/Eanda/.gradle/caches/modules-2/files-2.1/javax.xml/jaxb-impl/2.1/8c86d5d4eac7f89cec63432274d712ba82cd201b/activation.jar,file:/C:/Users/Eanda/.gradle/caches/modules-2/files-2.1/javax.xml/jaxb-impl/2.1/8c86d5d4eac7f89cec63432274d712ba82cd201b/jsr173_1.0_api.jar,file:/C:/Users/Eanda/.gradle/caches/modules-2/files-2.1/javax.xml/jaxb-impl/2.1/8c86d5d4eac7f89cec63432274d712ba82cd201b/jaxb1-impl.jar
2020-10-13 21:25:22 [restartedMain] [INFO] o.s.b.d.e.DevToolsPropertyDefaultsPostProcessor - Devtools property defaults active! Set 'spring.devtools.add-properties' to 'false' to disable
2020-10-13 21:25:22 [restartedMain] [INFO] o.s.b.d.e.DevToolsPropertyDefaultsPostProcessor - For additional web related logging consider setting the 'logging.level.web' property to 'DEBUG'
2020-10-13 21:25:23 [restartedMain] [DEBUG] o.m.s.b.a.MybatisAutoConfiguration - Searching for mappers annotated with @Mapper
2020-10-13 21:25:23 [restartedMain] [DEBUG] o.m.s.b.a.MybatisAutoConfiguration - Using auto-configuration base package 'com.onlinecode'
2020-10-13 21:25:23 [restartedMain] [INFO] o.s.d.r.c.RepositoryConfigurationDelegate - Bootstrapping Spring Data JDBC repositories in DEFAULT mode.
2020-10-13 21:25:23 [restartedMain] [INFO] o.s.d.r.c.RepositoryConfigurationDelegate - Finished Spring Data repository scanning in 18 ms. Found 0 JDBC repository interfaces.
2020-10-13 21:25:23 [restartedMain] [DEBUG] o.m.s.mapper.ClassPathMapperScanner - Identified candidate component class: file [D:\gradle-project\onlinecode\build\classes\java\main\com\onlinecode\admins\dao\CategoryDao.class]
2020-10-13 21:25:23 [restartedMain] [DEBUG] o.m.s.mapper.ClassPathMapperScanner - Identified candidate component class: file [D:\gradle-project\onlinecode\build\classes\java\main\com\onlinecode\admins\dao\CompanyDao.class]
2020-10-13 21:25:23 [restartedMain] [DEBUG] o.m.s.mapper.ClassPathMapperScanner - Identified candidate component class: file [D:\gradle-project\onlinecode\build\classes\java\main\com\onlinecode\admins\dao\ProductDao.class]
2020-10-13 21:25:23 [restartedMain] [DEBUG] o.m.s.mapper.ClassPathMapperScanner - Identified candidate component class: file [D:\gradle-project\onlinecode\build\classes\java\main\com\onlinecode\admins\dao\ResourceFileInfoDao.class]
2020-10-13 21:25:23 [restartedMain] [DEBUG] o.m.s.mapper.ClassPathMapperScanner - Identified candidate component class: file [D:\gradle-project\onlinecode\build\classes\java\main\com\onlinecode\admins\dao\UserAccountDao.class]
2020-10-13 21:25:23 [restartedMain] [DEBUG] o.m.s.mapper.ClassPathMapperScanner - Identified candidate component class: file [D:\gradle-project\onlinecode\build\classes\java\main\com\onlinecode\admins\dao\UserDao.class]
2020-10-13 21:25:23 [restartedMain] [DEBUG] o.m.s.mapper.ClassPathMapperScanner - Identified candidate component class: file [D:\gradle-project\onlinecode\build\classes\java\main\com\onlinecode\admins\dao\VendorDao.class]
2020-10-13 21:25:23 [restartedMain] [DEBUG] o.m.s.mapper.ClassPathMapperScanner - Identified candidate component class: file [D:\gradle-project\onlinecode\build\classes\java\main\com\onlinecode\core\dao\DefaultAuthenticationProviderDao.class]
2020-10-13 21:25:23 [restartedMain] [DEBUG] o.m.s.mapper.ClassPathMapperScanner - Creating MapperFactoryBean with name 'categoryDao' and 'com.onlinecode.admins.dao.CategoryDao' mapperInterface
2020-10-13 21:25:23 [restartedMain] [DEBUG] o.m.s.mapper.ClassPathMapperScanner - Enabling autowire by type for MapperFactoryBean with name 'categoryDao'.
2020-10-13 21:25:23 [restartedMain] [DEBUG] o.m.s.mapper.ClassPathMapperScanner - Creating MapperFactoryBean with name 'companyDao' and 'com.onlinecode.admins.dao.CompanyDao' mapperInterface
2020-10-13 21:25:23 [restartedMain] [DEBUG] o.m.s.mapper.ClassPathMapperScanner - Enabling autowire by type for MapperFactoryBean with name 'companyDao'.
2020-10-13 21:25:23 [restartedMain] [DEBUG] o.m.s.mapper.ClassPathMapperScanner - Creating MapperFactoryBean with name 'productDao' and 'com.onlinecode.admins.dao.ProductDao' mapperInterface
2020-10-13 21:25:23 [restartedMain] [DEBUG] o.m.s.mapper.ClassPathMapperScanner - Enabling autowire by type for MapperFactoryBean with name 'productDao'.
2020-10-13 21:25:23 [restartedMain] [DEBUG] o.m.s.mapper.ClassPathMapperScanner - Creating MapperFactoryBean with name 'resourceFileInfoDao' and 'com.onlinecode.admins.dao.ResourceFileInfoDao' mapperInterface
2020-10-13 21:25:23 [restartedMain] [DEBUG] o.m.s.mapper.ClassPathMapperScanner - Enabling autowire by type for MapperFactoryBean with name 'resourceFileInfoDao'.
2020-10-13 21:25:23 [restartedMain] [DEBUG] o.m.s.mapper.ClassPathMapperScanner - Creating MapperFactoryBean with name 'userAccountDao' and 'com.onlinecode.admins.dao.UserAccountDao' mapperInterface
2020-10-13 21:25:23 [restartedMain] [DEBUG] o.m.s.mapper.ClassPathMapperScanner - Enabling autowire by type for MapperFactoryBean with name 'userAccountDao'.
2020-10-13 21:25:23 [restartedMain] [DEBUG] o.m.s.mapper.ClassPathMapperScanner - Creating MapperFactoryBean with name 'userDao' and 'com.onlinecode.admins.dao.UserDao' mapperInterface
2020-10-13 21:25:23 [restartedMain] [DEBUG] o.m.s.mapper.ClassPathMapperScanner - Enabling autowire by type for MapperFactoryBean with name 'userDao'.
2020-10-13 21:25:23 [restartedMain] [DEBUG] o.m.s.mapper.ClassPathMapperScanner - Creating MapperFactoryBean with name 'vendorDao' and 'com.onlinecode.admins.dao.VendorDao' mapperInterface
2020-10-13 21:25:23 [restartedMain] [DEBUG] o.m.s.mapper.ClassPathMapperScanner - Enabling autowire by type for MapperFactoryBean with name 'vendorDao'.
2020-10-13 21:25:23 [restartedMain] [DEBUG] o.m.s.mapper.ClassPathMapperScanner - Creating MapperFactoryBean with name 'defaultAuthenticationProviderDao' and 'com.onlinecode.core.dao.DefaultAuthenticationProviderDao' mapperInterface
2020-10-13 21:25:23 [restartedMain] [DEBUG] o.m.s.mapper.ClassPathMapperScanner - Enabling autowire by type for MapperFactoryBean with name 'defaultAuthenticationProviderDao'.
2020-10-13 21:25:23 [restartedMain] [INFO] o.s.c.s.PostProcessorRegistrationDelegate$BeanPostProcessorChecker - Bean 'org.springframework.ws.config.annotation.DelegatingWsConfiguration' of type [org.springframework.ws.config.annotation.DelegatingWsConfiguration$$EnhancerBySpringCGLIB$$18253244] is not eligible for getting processed by all BeanPostProcessors (for example: not eligible for auto-proxying)
2020-10-13 21:25:23 [restartedMain] [INFO] o.s.w.s.a.s.AnnotationActionEndpointMapping - Supporting [WS-Addressing August 2004, WS-Addressing 1.0]
2020-10-13 21:25:24 [restartedMain] [INFO] o.s.c.s.PostProcessorRegistrationDelegate$BeanPostProcessorChecker - Bean 'org.springframework.security.access.expression.method.DefaultMethodSecurityExpressionHandler@23473afb' of type [org.springframework.security.access.expression.method.DefaultMethodSecurityExpressionHandler] is not eligible for getting processed by all BeanPostProcessors (for example: not eligible for auto-proxying)
2020-10-13 21:25:24 [restartedMain] [INFO] o.s.c.s.PostProcessorRegistrationDelegate$BeanPostProcessorChecker - Bean 'methodSecurityMetadataSource' of type [org.springframework.security.access.method.DelegatingMethodSecurityMetadataSource] is not eligible for getting processed by all BeanPostProcessors (for example: not eligible for auto-proxying)
2020-10-13 21:25:24 [restartedMain] [INFO] o.s.b.w.e.tomcat.TomcatWebServer - Tomcat initialized with port(s): 8080 (http)
2020-10-13 21:25:24 [restartedMain] [INFO] o.a.coyote.http11.Http11NioProtocol - Initializing ProtocolHandler ["http-nio-8080"]
2020-10-13 21:25:24 [restartedMain] [INFO] o.a.catalina.core.StandardService - Starting service [Tomcat]
2020-10-13 21:25:24 [restartedMain] [INFO] o.a.catalina.core.StandardEngine - Starting Servlet engine: [Apache Tomcat/9.0.38]
2020-10-13 21:25:24 [restartedMain] [INFO] o.a.c.c.C.[Tomcat].[localhost].[/] - Initializing Spring embedded WebApplicationContext
2020-10-13 21:25:24 [restartedMain] [INFO] o.s.b.w.s.c.ServletWebServerApplicationContext - Root WebApplicationContext: initialization completed in 1671 ms
2020-10-13 21:25:24 [restartedMain] [DEBUG] o.m.spring.SqlSessionFactoryBean - Parsed configuration file: 'class path resource [mybatis/mybatis_config.xml]'
2020-10-13 21:25:24 [restartedMain] [DEBUG] o.m.spring.SqlSessionFactoryBean - Parsed mapper file: 'file [D:\gradle-project\onlinecode\build\resources\main\mybatis\mapper\admins\categoryDai.xml]'
2020-10-13 21:25:24 [restartedMain] [DEBUG] o.m.spring.SqlSessionFactoryBean - Parsed mapper file: 'file [D:\gradle-project\onlinecode\build\resources\main\mybatis\mapper\admins\companyDAO.xml]'
2020-10-13 21:25:24 [restartedMain] [DEBUG] o.m.spring.SqlSessionFactoryBean - Parsed mapper file: 'file [D:\gradle-project\onlinecode\build\resources\main\mybatis\mapper\admins\productDao.xml]'
2020-10-13 21:25:24 [restartedMain] [DEBUG] o.m.spring.SqlSessionFactoryBean - Parsed mapper file: 'file [D:\gradle-project\onlinecode\build\resources\main\mybatis\mapper\admins\rescourceFileInfoDao.xml]'
2020-10-13 21:25:24 [restartedMain] [DEBUG] o.m.spring.SqlSessionFactoryBean - Parsed mapper file: 'file [D:\gradle-project\onlinecode\build\resources\main\mybatis\mapper\admins\userAccountDao.xml]'
2020-10-13 21:25:24 [restartedMain] [DEBUG] o.m.spring.SqlSessionFactoryBean - Parsed mapper file: 'file [D:\gradle-project\onlinecode\build\resources\main\mybatis\mapper\admins\userDao.xml]'
2020-10-13 21:25:24 [restartedMain] [DEBUG] o.m.spring.SqlSessionFactoryBean - Parsed mapper file: 'file [D:\gradle-project\onlinecode\build\resources\main\mybatis\mapper\admins\vendorDao.xml]'
2020-10-13 21:25:24 [restartedMain] [DEBUG] o.m.spring.SqlSessionFactoryBean - Parsed mapper file: 'file [D:\gradle-project\onlinecode\build\resources\main\mybatis\mapper\core\defaultAuthenticationProviderDao.xml]'
2020-10-13 21:25:25 [restartedMain] [INFO] o.s.s.web.DefaultSecurityFilterChain - Will secure Ant [pattern='/api/web/**'] with []
2020-10-13 21:25:25 [restartedMain] [INFO] o.s.s.web.DefaultSecurityFilterChain - Will secure Ant [pattern='/api/mobile/**'] with []
2020-10-13 21:25:25 [restartedMain] [INFO] o.s.s.web.DefaultSecurityFilterChain - Will secure Ant [pattern='/file/api/**'] with []
2020-10-13 21:25:25 [restartedMain] [INFO] o.s.s.web.DefaultSecurityFilterChain - Will secure Ant [pattern='/401.html'] with []
2020-10-13 21:25:25 [restartedMain] [INFO] o.s.s.web.DefaultSecurityFilterChain - Will secure Ant [pattern='/404.html'] with []
2020-10-13 21:25:25 [restartedMain] [INFO] o.s.s.web.DefaultSecurityFilterChain - Will secure Ant [pattern='/500.html'] with []
2020-10-13 21:25:25 [restartedMain] [INFO] o.s.s.web.DefaultSecurityFilterChain - Will secure Or [Ant [pattern='/oauth/token'], Ant [pattern='/oauth/token_key'], Ant [pattern='/oauth/check_token']] with [org.springframework.security.web.context.request.async.WebAsyncManagerIntegrationFilter@1f5df3d1, org.springframework.security.web.context.SecurityContextPersistenceFilter@4c301a0b, org.springframework.security.web.header.HeaderWriterFilter@46aa2d6e, org.springframework.security.web.authentication.logout.LogoutFilter@293cf9b2, org.springframework.security.web.authentication.www.BasicAuthenticationFilter@1ca7b143, org.springframework.security.web.savedrequest.RequestCacheAwareFilter@5be0602c, org.springframework.security.web.servletapi.SecurityContextHolderAwareRequestFilter@4da8fdde, org.springframework.security.web.authentication.AnonymousAuthenticationFilter@2475b19d, org.springframework.security.web.session.SessionManagementFilter@427c57d3, org.springframework.security.web.access.ExceptionTranslationFilter@55203d93, org.springframework.security.web.access.intercept.FilterSecurityInterceptor@ddfb6ab]
2020-10-13 21:25:25 [restartedMain] [INFO] o.s.s.web.DefaultSecurityFilterChain - Will secure Or [Ant [pattern='/api/**']] with [org.springframework.security.web.context.request.async.WebAsyncManagerIntegrationFilter@2c4e6f74, org.springframework.security.web.context.SecurityContextPersistenceFilter@2569ec59, org.springframework.security.web.header.HeaderWriterFilter@5e5cf3d7, org.springframework.security.web.authentication.logout.LogoutFilter@32d0a96e, org.springframework.security.oauth2.provider.authentication.OAuth2AuthenticationProcessingFilter@34ecd68d, org.springframework.security.web.savedrequest.RequestCacheAwareFilter@712402e7, org.springframework.security.web.servletapi.SecurityContextHolderAwareRequestFilter@48df955f, org.springframework.security.web.authentication.AnonymousAuthenticationFilter@31d5c607, org.springframework.security.web.session.SessionManagementFilter@28871f2e, org.springframework.security.web.access.ExceptionTranslationFilter@47027360, org.springframework.security.web.access.intercept.FilterSecurityInterceptor@63c80bc]
2020-10-13 21:25:25 [restartedMain] [INFO] o.s.s.web.DefaultSecurityFilterChain - Will secure any request with [org.springframework.security.web.context.request.async.WebAsyncManagerIntegrationFilter@4c408ce5, org.springframework.security.web.context.SecurityContextPersistenceFilter@247ab999, org.springframework.security.web.header.HeaderWriterFilter@78286d43, org.springframework.security.web.csrf.CsrfFilter@550dab55, org.springframework.security.web.authentication.logout.LogoutFilter@5bf7d249, org.springframework.security.web.authentication.UsernamePasswordAuthenticationFilter@1f6d7a29, org.springframework.security.web.authentication.ui.DefaultLoginPageGeneratingFilter@129ea670, org.springframework.security.web.authentication.ui.DefaultLogoutPageGeneratingFilter@6ae3facc, org.springframework.security.web.authentication.www.BasicAuthenticationFilter@8a1bebd, org.springframework.security.web.savedrequest.RequestCacheAwareFilter@5d4cab42, org.springframework.security.web.servletapi.SecurityContextHolderAwareRequestFilter@66b597dd, org.springframework.security.web.authentication.AnonymousAuthenticationFilter@1eab698b, org.springframework.security.web.session.SessionManagementFilter@d8f3a09, org.springframework.security.web.access.ExceptionTranslationFilter@40c7310d, org.springframework.security.web.access.intercept.FilterSecurityInterceptor@3b13a2db]
2020-10-13 21:25:25 [restartedMain] [INFO] o.s.s.c.ThreadPoolTaskExecutor - Initializing ExecutorService 'applicationTaskExecutor'
2020-10-13 21:25:25 [restartedMain] [WARN] o.t.templatemode.TemplateMode - [THYMELEAF][restartedMain] Template Mode 'LEGACYHTML5' is deprecated. Using Template Mode 'HTML' instead.
2020-10-13 21:25:25 [restartedMain] [DEBUG] o.m.s.b.a.MybatisAutoConfiguration - Not found configuration for registering mapper bean using @MapperScan, MapperFactoryBean and MapperScannerConfigurer.
2020-10-13 21:25:25 [restartedMain] [INFO] com.zaxxer.hikari.HikariDataSource - HikariPool-1 - Starting...
2020-10-13 21:25:25 [restartedMain] [INFO] com.zaxxer.hikari.HikariDataSource - HikariPool-1 - Start completed.
2020-10-13 21:25:25 [restartedMain] [INFO] o.s.b.d.a.OptionalLiveReloadServer - LiveReload server is running on port 35729
2020-10-13 21:25:25 [restartedMain] [INFO] o.a.coyote.http11.Http11NioProtocol - Starting ProtocolHandler ["http-nio-8080"]
2020-10-13 21:25:25 [restartedMain] [INFO] o.s.b.w.e.tomcat.TomcatWebServer - Tomcat started on port(s): 8080 (http) with context path ''
2020-10-13 21:25:25 [restartedMain] [INFO] com.onlinecode.OnlineCodeApplication - Started OnlineCodeApplication in 3.704 seconds (JVM running for 4.683)
