2020-09-04 00:07:46 [SpringContextShutdownHook] [INFO] o.s.s.c.ThreadPoolTaskExecutor - Shutting down ExecutorService 'applicationTaskExecutor'
2020-09-04 00:07:46 [SpringContextShutdownHook] [INFO] com.zaxxer.hikari.HikariDataSource - HikariPool-1 - Shutdown initiated...
2020-09-04 00:07:46 [SpringContextShutdownHook] [INFO] com.zaxxer.hikari.HikariDataSource - HikariPool-1 - Shutdown completed.
2020-09-04 00:07:53 [restartedMain] [INFO] com.onlinecode.BizcodeApplication - Starting BizcodeApplication using Java 11.0.4 on DESKTOP-3B8PA24 with PID 15924 (D:\gradle-project\bizcode\build\classes\java\main started by Eanda in D:\gradle-project\bizcode)
2020-09-04 00:07:53 [restartedMain] [DEBUG] com.onlinecode.BizcodeApplication - Running with Spring Boot v2.4.0-SNAPSHOT, Spring v5.3.0-SNAPSHOT
2020-09-04 00:07:53 [restartedMain] [INFO] com.onlinecode.BizcodeApplication - No active profile set, falling back to default profiles: default
2020-09-04 00:07:53 [restartedMain] [INFO] o.s.b.d.restart.ChangeableUrls - The Class-Path manifest attribute in C:\Users\Eanda\.gradle\caches\modules-2\files-2.1\javax.xml\jaxb-impl\2.1\8c86d5d4eac7f89cec63432274d712ba82cd201b\jaxb-impl-2.1.jar referenced one or more files that do not exist: file:/C:/Users/Eanda/.gradle/caches/modules-2/files-2.1/javax.xml/jaxb-impl/2.1/8c86d5d4eac7f89cec63432274d712ba82cd201b/jaxb-api.jar,file:/C:/Users/Eanda/.gradle/caches/modules-2/files-2.1/javax.xml/jaxb-impl/2.1/8c86d5d4eac7f89cec63432274d712ba82cd201b/activation.jar,file:/C:/Users/Eanda/.gradle/caches/modules-2/files-2.1/javax.xml/jaxb-impl/2.1/8c86d5d4eac7f89cec63432274d712ba82cd201b/jsr173_1.0_api.jar,file:/C:/Users/Eanda/.gradle/caches/modules-2/files-2.1/javax.xml/jaxb-impl/2.1/8c86d5d4eac7f89cec63432274d712ba82cd201b/jaxb1-impl.jar
2020-09-04 00:07:53 [restartedMain] [INFO] o.s.b.d.e.DevToolsPropertyDefaultsPostProcessor - Devtools property defaults active! Set 'spring.devtools.add-properties' to 'false' to disable
2020-09-04 00:07:53 [restartedMain] [INFO] o.s.b.d.e.DevToolsPropertyDefaultsPostProcessor - For additional web related logging consider setting the 'logging.level.web' property to 'DEBUG'
2020-09-04 00:07:54 [restartedMain] [DEBUG] o.m.s.b.a.MybatisAutoConfiguration - Searching for mappers annotated with @Mapper
2020-09-04 00:07:54 [restartedMain] [DEBUG] o.m.s.b.a.MybatisAutoConfiguration - Using auto-configuration base package 'com.onlinecode'
2020-09-04 00:07:54 [restartedMain] [INFO] o.s.d.r.c.RepositoryConfigurationDelegate - Bootstrapping Spring Data JDBC repositories in DEFAULT mode.
2020-09-04 00:07:54 [restartedMain] [INFO] o.s.d.r.c.RepositoryConfigurationDelegate - Finished Spring Data repository scanning in 20 ms. Found 0 JDBC repository interfaces.
2020-09-04 00:07:54 [restartedMain] [DEBUG] o.m.s.mapper.ClassPathMapperScanner - Identified candidate component class: file [D:\gradle-project\bizcode\build\classes\java\main\com\bizcode\admins\dao\CategoryDao.class]
2020-09-04 00:07:54 [restartedMain] [DEBUG] o.m.s.mapper.ClassPathMapperScanner - Identified candidate component class: file [D:\gradle-project\bizcode\build\classes\java\main\com\bizcode\admins\dao\CompanyDao.class]
2020-09-04 00:07:54 [restartedMain] [DEBUG] o.m.s.mapper.ClassPathMapperScanner - Identified candidate component class: file [D:\gradle-project\bizcode\build\classes\java\main\com\bizcode\admins\dao\ResourceFileInfoDao.class]
2020-09-04 00:07:54 [restartedMain] [DEBUG] o.m.s.mapper.ClassPathMapperScanner - Identified candidate component class: file [D:\gradle-project\bizcode\build\classes\java\main\com\bizcode\admins\dao\UserAccountDao.class]
2020-09-04 00:07:54 [restartedMain] [DEBUG] o.m.s.mapper.ClassPathMapperScanner - Identified candidate component class: file [D:\gradle-project\bizcode\build\classes\java\main\com\bizcode\admins\dao\UserDao.class]
2020-09-04 00:07:54 [restartedMain] [DEBUG] o.m.s.mapper.ClassPathMapperScanner - Identified candidate component class: file [D:\gradle-project\bizcode\build\classes\java\main\com\bizcode\core\dao\DefaultAuthenticationProviderDao.class]
2020-09-04 00:07:54 [restartedMain] [DEBUG] o.m.s.mapper.ClassPathMapperScanner - Creating MapperFactoryBean with name 'categoryDao' and 'com.onlinecode.admins.dao.CategoryDao' mapperInterface
2020-09-04 00:07:54 [restartedMain] [DEBUG] o.m.s.mapper.ClassPathMapperScanner - Enabling autowire by type for MapperFactoryBean with name 'categoryDao'.
2020-09-04 00:07:54 [restartedMain] [DEBUG] o.m.s.mapper.ClassPathMapperScanner - Creating MapperFactoryBean with name 'companyDao' and 'com.onlinecode.admins.dao.CompanyDao' mapperInterface
2020-09-04 00:07:54 [restartedMain] [DEBUG] o.m.s.mapper.ClassPathMapperScanner - Enabling autowire by type for MapperFactoryBean with name 'companyDao'.
2020-09-04 00:07:54 [restartedMain] [DEBUG] o.m.s.mapper.ClassPathMapperScanner - Creating MapperFactoryBean with name 'resourceFileInfoDao' and 'com.onlinecode.admins.dao.ResourceFileInfoDao' mapperInterface
2020-09-04 00:07:54 [restartedMain] [DEBUG] o.m.s.mapper.ClassPathMapperScanner - Enabling autowire by type for MapperFactoryBean with name 'resourceFileInfoDao'.
2020-09-04 00:07:54 [restartedMain] [DEBUG] o.m.s.mapper.ClassPathMapperScanner - Creating MapperFactoryBean with name 'userAccountDao' and 'com.onlinecode.admins.dao.UserAccountDao' mapperInterface
2020-09-04 00:07:54 [restartedMain] [DEBUG] o.m.s.mapper.ClassPathMapperScanner - Enabling autowire by type for MapperFactoryBean with name 'userAccountDao'.
2020-09-04 00:07:54 [restartedMain] [DEBUG] o.m.s.mapper.ClassPathMapperScanner - Creating MapperFactoryBean with name 'userDao' and 'com.onlinecode.admins.dao.UserDao' mapperInterface
2020-09-04 00:07:54 [restartedMain] [DEBUG] o.m.s.mapper.ClassPathMapperScanner - Enabling autowire by type for MapperFactoryBean with name 'userDao'.
2020-09-04 00:07:54 [restartedMain] [DEBUG] o.m.s.mapper.ClassPathMapperScanner - Creating MapperFactoryBean with name 'defaultAuthenticationProviderDao' and 'com.onlinecode.core.dao.DefaultAuthenticationProviderDao' mapperInterface
2020-09-04 00:07:54 [restartedMain] [DEBUG] o.m.s.mapper.ClassPathMapperScanner - Enabling autowire by type for MapperFactoryBean with name 'defaultAuthenticationProviderDao'.
2020-09-04 00:07:54 [restartedMain] [INFO] o.s.c.s.PostProcessorRegistrationDelegate$BeanPostProcessorChecker - Bean 'org.springframework.ws.config.annotation.DelegatingWsConfiguration' of type [org.springframework.ws.config.annotation.DelegatingWsConfiguration$$EnhancerBySpringCGLIB$$110831f9] is not eligible for getting processed by all BeanPostProcessors (for example: not eligible for auto-proxying)
2020-09-04 00:07:54 [restartedMain] [INFO] o.s.w.s.a.s.AnnotationActionEndpointMapping - Supporting [WS-Addressing August 2004, WS-Addressing 1.0]
2020-09-04 00:07:54 [restartedMain] [INFO] o.s.c.s.PostProcessorRegistrationDelegate$BeanPostProcessorChecker - Bean 'org.springframework.security.access.expression.method.DefaultMethodSecurityExpressionHandler@4a0838b3' of type [org.springframework.security.access.expression.method.DefaultMethodSecurityExpressionHandler] is not eligible for getting processed by all BeanPostProcessors (for example: not eligible for auto-proxying)
2020-09-04 00:07:54 [restartedMain] [INFO] o.s.c.s.PostProcessorRegistrationDelegate$BeanPostProcessorChecker - Bean 'methodSecurityMetadataSource' of type [org.springframework.security.access.method.DelegatingMethodSecurityMetadataSource] is not eligible for getting processed by all BeanPostProcessors (for example: not eligible for auto-proxying)
2020-09-04 00:07:55 [restartedMain] [INFO] o.s.b.w.e.tomcat.TomcatWebServer - Tomcat initialized with port(s): 8080 (http)
2020-09-04 00:07:55 [restartedMain] [INFO] o.a.coyote.http11.Http11NioProtocol - Initializing ProtocolHandler ["http-nio-8080"]
2020-09-04 00:07:55 [restartedMain] [INFO] o.a.catalina.core.StandardService - Starting service [Tomcat]
2020-09-04 00:07:55 [restartedMain] [INFO] o.a.catalina.core.StandardEngine - Starting Servlet engine: [Apache Tomcat/9.0.37]
2020-09-04 00:07:55 [restartedMain] [INFO] o.a.c.c.C.[Tomcat].[localhost].[/] - Initializing Spring embedded WebApplicationContext
2020-09-04 00:07:55 [restartedMain] [INFO] o.s.b.w.s.c.ServletWebServerApplicationContext - Root WebApplicationContext: initialization completed in 2052 ms
2020-09-04 00:07:55 [restartedMain] [DEBUG] o.m.spring.SqlSessionFactoryBean - Parsed configuration file: 'class path resource [mybatis/mybatis_config.xml]'
2020-09-04 00:07:55 [restartedMain] [DEBUG] o.m.spring.SqlSessionFactoryBean - Parsed mapper file: 'file [D:\gradle-project\bizcode\build\resources\main\mybatis\mapper\admins\companyDAO.xml]'
2020-09-04 00:07:55 [restartedMain] [DEBUG] o.m.spring.SqlSessionFactoryBean - Parsed mapper file: 'file [D:\gradle-project\bizcode\build\resources\main\mybatis\mapper\admins\mainCategoryDao.xml]'
2020-09-04 00:07:55 [restartedMain] [DEBUG] o.m.spring.SqlSessionFactoryBean - Parsed mapper file: 'file [D:\gradle-project\bizcode\build\resources\main\mybatis\mapper\admins\userAccountDao.xml]'
2020-09-04 00:07:55 [restartedMain] [DEBUG] o.m.spring.SqlSessionFactoryBean - Parsed mapper file: 'file [D:\gradle-project\bizcode\build\resources\main\mybatis\mapper\admins\userDao.xml]'
2020-09-04 00:07:55 [restartedMain] [DEBUG] o.m.spring.SqlSessionFactoryBean - Parsed mapper file: 'file [D:\gradle-project\bizcode\build\resources\main\mybatis\mapper\core\defaultAuthenticationProviderDao.xml]'
2020-09-04 00:07:56 [restartedMain] [INFO] o.s.s.web.DefaultSecurityFilterChain - Creating filter chain: Ant [pattern='/api/web/**'], []
2020-09-04 00:07:56 [restartedMain] [INFO] o.s.s.web.DefaultSecurityFilterChain - Creating filter chain: Ant [pattern='/api/mobile/**'], []
2020-09-04 00:07:56 [restartedMain] [INFO] o.s.s.web.DefaultSecurityFilterChain - Creating filter chain: Ant [pattern='/401.html'], []
2020-09-04 00:07:56 [restartedMain] [INFO] o.s.s.web.DefaultSecurityFilterChain - Creating filter chain: Ant [pattern='/404.html'], []
2020-09-04 00:07:56 [restartedMain] [INFO] o.s.s.web.DefaultSecurityFilterChain - Creating filter chain: Ant [pattern='/500.html'], []
2020-09-04 00:07:56 [restartedMain] [INFO] o.s.s.web.DefaultSecurityFilterChain - Creating filter chain: OrRequestMatcher [requestMatchers=[Ant [pattern='/oauth/token'], Ant [pattern='/oauth/token_key'], Ant [pattern='/oauth/check_token']]], [org.springframework.security.web.context.request.async.WebAsyncManagerIntegrationFilter@3869e859, org.springframework.security.web.context.SecurityContextPersistenceFilter@6d1d2161, org.springframework.security.web.header.HeaderWriterFilter@47daea23, org.springframework.security.web.authentication.logout.LogoutFilter@53954f38, org.springframework.security.web.authentication.www.BasicAuthenticationFilter@37f44d07, org.springframework.security.web.savedrequest.RequestCacheAwareFilter@7d577fbd, org.springframework.security.web.servletapi.SecurityContextHolderAwareRequestFilter@1c79c8e7, org.springframework.security.web.authentication.AnonymousAuthenticationFilter@b1eab69, org.springframework.security.web.session.SessionManagementFilter@5c821550, org.springframework.security.web.access.ExceptionTranslationFilter@32e7b0b0, org.springframework.security.web.access.intercept.FilterSecurityInterceptor@5981faf9]
2020-09-04 00:07:56 [restartedMain] [INFO] o.s.s.web.DefaultSecurityFilterChain - Creating filter chain: OrRequestMatcher [requestMatchers=[Ant [pattern='/api/**']]], [org.springframework.security.web.context.request.async.WebAsyncManagerIntegrationFilter@49e3f77a, org.springframework.security.web.context.SecurityContextPersistenceFilter@79d8af7e, org.springframework.security.web.header.HeaderWriterFilter@15153d1f, org.springframework.security.web.authentication.logout.LogoutFilter@7753e8a0, org.springframework.security.oauth2.provider.authentication.OAuth2AuthenticationProcessingFilter@6259455b, org.springframework.security.web.savedrequest.RequestCacheAwareFilter@3100d970, org.springframework.security.web.servletapi.SecurityContextHolderAwareRequestFilter@dc1e78a, org.springframework.security.web.authentication.AnonymousAuthenticationFilter@331b0a70, org.springframework.security.web.session.SessionManagementFilter@5c8707a, org.springframework.security.web.access.ExceptionTranslationFilter@38de09dc, org.springframework.security.web.access.intercept.FilterSecurityInterceptor@47a7b418]
2020-09-04 00:07:56 [restartedMain] [INFO] o.s.s.web.DefaultSecurityFilterChain - Creating filter chain: any request, [org.springframework.security.web.context.request.async.WebAsyncManagerIntegrationFilter@40706e0, org.springframework.security.web.context.SecurityContextPersistenceFilter@30f75af1, org.springframework.security.web.header.HeaderWriterFilter@2e980712, org.springframework.security.web.csrf.CsrfFilter@5c4306c3, org.springframework.security.web.authentication.logout.LogoutFilter@710390ff, org.springframework.security.web.authentication.UsernamePasswordAuthenticationFilter@74766e9e, org.springframework.security.web.authentication.ui.DefaultLoginPageGeneratingFilter@623e0965, org.springframework.security.web.authentication.ui.DefaultLogoutPageGeneratingFilter@5e656ff6, org.springframework.security.web.authentication.www.BasicAuthenticationFilter@7dcf2d1a, org.springframework.security.web.savedrequest.RequestCacheAwareFilter@11f3c844, org.springframework.security.web.servletapi.SecurityContextHolderAwareRequestFilter@7fbdfdff, org.springframework.security.web.authentication.AnonymousAuthenticationFilter@15e6bd7a, org.springframework.security.web.session.SessionManagementFilter@2836b518, org.springframework.security.web.access.ExceptionTranslationFilter@6a29718a, org.springframework.security.web.access.intercept.FilterSecurityInterceptor@25bba9e3]
2020-09-04 00:07:56 [restartedMain] [INFO] o.s.s.c.ThreadPoolTaskExecutor - Initializing ExecutorService 'applicationTaskExecutor'
2020-09-04 00:07:57 [restartedMain] [WARN] o.s.b.a.t.ThymeleafAutoConfiguration$DefaultTemplateResolverConfiguration - Cannot find template location: classpath:/templates/ (please add some templates or check your Thymeleaf configuration)
2020-09-04 00:07:57 [restartedMain] [WARN] o.t.templatemode.TemplateMode - [THYMELEAF][restartedMain] Template Mode 'LEGACYHTML5' is deprecated. Using Template Mode 'HTML' instead.
2020-09-04 00:07:57 [restartedMain] [DEBUG] o.m.s.b.a.MybatisAutoConfiguration - Not found configuration for registering mapper bean using @MapperScan, MapperFactoryBean and MapperScannerConfigurer.
2020-09-04 00:07:57 [restartedMain] [INFO] com.zaxxer.hikari.HikariDataSource - HikariPool-1 - Starting...
2020-09-04 00:07:57 [restartedMain] [INFO] com.zaxxer.hikari.HikariDataSource - HikariPool-1 - Start completed.
2020-09-04 00:07:57 [restartedMain] [INFO] o.s.b.d.a.OptionalLiveReloadServer - LiveReload server is running on port 35729
2020-09-04 00:07:57 [restartedMain] [INFO] o.a.coyote.http11.Http11NioProtocol - Starting ProtocolHandler ["http-nio-8080"]
2020-09-04 00:07:57 [restartedMain] [INFO] o.s.b.w.e.tomcat.TomcatWebServer - Tomcat started on port(s): 8080 (http) with context path ''
2020-09-04 00:07:57 [restartedMain] [INFO] com.onlinecode.BizcodeApplication - Started BizcodeApplication in 4.712 seconds (JVM running for 5.928)
2020-09-04 00:14:03 [SpringContextShutdownHook] [INFO] o.s.s.c.ThreadPoolTaskExecutor - Shutting down ExecutorService 'applicationTaskExecutor'
2020-09-04 00:14:03 [SpringContextShutdownHook] [INFO] com.zaxxer.hikari.HikariDataSource - HikariPool-1 - Shutdown initiated...
2020-09-04 00:14:03 [SpringContextShutdownHook] [INFO] com.zaxxer.hikari.HikariDataSource - HikariPool-1 - Shutdown completed.
2020-09-04 00:14:07 [restartedMain] [INFO] com.onlinecode.BizcodeApplication - Starting BizcodeApplication using Java 11.0.4 on DESKTOP-3B8PA24 with PID 7520 (D:\gradle-project\bizcode\build\classes\java\main started by Eanda in D:\gradle-project\bizcode)
2020-09-04 00:14:07 [restartedMain] [DEBUG] com.onlinecode.BizcodeApplication - Running with Spring Boot v2.4.0-SNAPSHOT, Spring v5.3.0-SNAPSHOT
2020-09-04 00:14:07 [restartedMain] [INFO] com.onlinecode.BizcodeApplication - No active profile set, falling back to default profiles: default
2020-09-04 00:14:07 [restartedMain] [INFO] o.s.b.d.restart.ChangeableUrls - The Class-Path manifest attribute in C:\Users\Eanda\.gradle\caches\modules-2\files-2.1\javax.xml\jaxb-impl\2.1\8c86d5d4eac7f89cec63432274d712ba82cd201b\jaxb-impl-2.1.jar referenced one or more files that do not exist: file:/C:/Users/Eanda/.gradle/caches/modules-2/files-2.1/javax.xml/jaxb-impl/2.1/8c86d5d4eac7f89cec63432274d712ba82cd201b/jaxb-api.jar,file:/C:/Users/Eanda/.gradle/caches/modules-2/files-2.1/javax.xml/jaxb-impl/2.1/8c86d5d4eac7f89cec63432274d712ba82cd201b/activation.jar,file:/C:/Users/Eanda/.gradle/caches/modules-2/files-2.1/javax.xml/jaxb-impl/2.1/8c86d5d4eac7f89cec63432274d712ba82cd201b/jsr173_1.0_api.jar,file:/C:/Users/Eanda/.gradle/caches/modules-2/files-2.1/javax.xml/jaxb-impl/2.1/8c86d5d4eac7f89cec63432274d712ba82cd201b/jaxb1-impl.jar
2020-09-04 00:14:07 [restartedMain] [INFO] o.s.b.d.e.DevToolsPropertyDefaultsPostProcessor - Devtools property defaults active! Set 'spring.devtools.add-properties' to 'false' to disable
2020-09-04 00:14:07 [restartedMain] [INFO] o.s.b.d.e.DevToolsPropertyDefaultsPostProcessor - For additional web related logging consider setting the 'logging.level.web' property to 'DEBUG'
2020-09-04 00:14:08 [restartedMain] [DEBUG] o.m.s.b.a.MybatisAutoConfiguration - Searching for mappers annotated with @Mapper
2020-09-04 00:14:08 [restartedMain] [DEBUG] o.m.s.b.a.MybatisAutoConfiguration - Using auto-configuration base package 'com.onlinecode'
2020-09-04 00:14:08 [restartedMain] [INFO] o.s.d.r.c.RepositoryConfigurationDelegate - Bootstrapping Spring Data JDBC repositories in DEFAULT mode.
2020-09-04 00:14:08 [restartedMain] [INFO] o.s.d.r.c.RepositoryConfigurationDelegate - Finished Spring Data repository scanning in 16 ms. Found 0 JDBC repository interfaces.
2020-09-04 00:14:08 [restartedMain] [DEBUG] o.m.s.mapper.ClassPathMapperScanner - Identified candidate component class: file [D:\gradle-project\bizcode\build\classes\java\main\com\bizcode\admins\dao\CategoryDao.class]
2020-09-04 00:14:08 [restartedMain] [DEBUG] o.m.s.mapper.ClassPathMapperScanner - Identified candidate component class: file [D:\gradle-project\bizcode\build\classes\java\main\com\bizcode\admins\dao\CompanyDao.class]
2020-09-04 00:14:08 [restartedMain] [DEBUG] o.m.s.mapper.ClassPathMapperScanner - Identified candidate component class: file [D:\gradle-project\bizcode\build\classes\java\main\com\bizcode\admins\dao\ResourceFileInfoDao.class]
2020-09-04 00:14:08 [restartedMain] [DEBUG] o.m.s.mapper.ClassPathMapperScanner - Identified candidate component class: file [D:\gradle-project\bizcode\build\classes\java\main\com\bizcode\admins\dao\UserAccountDao.class]
2020-09-04 00:14:08 [restartedMain] [DEBUG] o.m.s.mapper.ClassPathMapperScanner - Identified candidate component class: file [D:\gradle-project\bizcode\build\classes\java\main\com\bizcode\admins\dao\UserDao.class]
2020-09-04 00:14:08 [restartedMain] [DEBUG] o.m.s.mapper.ClassPathMapperScanner - Identified candidate component class: file [D:\gradle-project\bizcode\build\classes\java\main\com\bizcode\core\dao\DefaultAuthenticationProviderDao.class]
2020-09-04 00:14:08 [restartedMain] [DEBUG] o.m.s.mapper.ClassPathMapperScanner - Creating MapperFactoryBean with name 'categoryDao' and 'com.onlinecode.admins.dao.CategoryDao' mapperInterface
2020-09-04 00:14:08 [restartedMain] [DEBUG] o.m.s.mapper.ClassPathMapperScanner - Enabling autowire by type for MapperFactoryBean with name 'categoryDao'.
2020-09-04 00:14:08 [restartedMain] [DEBUG] o.m.s.mapper.ClassPathMapperScanner - Creating MapperFactoryBean with name 'companyDao' and 'com.onlinecode.admins.dao.CompanyDao' mapperInterface
2020-09-04 00:14:08 [restartedMain] [DEBUG] o.m.s.mapper.ClassPathMapperScanner - Enabling autowire by type for MapperFactoryBean with name 'companyDao'.
2020-09-04 00:14:08 [restartedMain] [DEBUG] o.m.s.mapper.ClassPathMapperScanner - Creating MapperFactoryBean with name 'resourceFileInfoDao' and 'com.onlinecode.admins.dao.ResourceFileInfoDao' mapperInterface
2020-09-04 00:14:08 [restartedMain] [DEBUG] o.m.s.mapper.ClassPathMapperScanner - Enabling autowire by type for MapperFactoryBean with name 'resourceFileInfoDao'.
2020-09-04 00:14:08 [restartedMain] [DEBUG] o.m.s.mapper.ClassPathMapperScanner - Creating MapperFactoryBean with name 'userAccountDao' and 'com.onlinecode.admins.dao.UserAccountDao' mapperInterface
2020-09-04 00:14:08 [restartedMain] [DEBUG] o.m.s.mapper.ClassPathMapperScanner - Enabling autowire by type for MapperFactoryBean with name 'userAccountDao'.
2020-09-04 00:14:08 [restartedMain] [DEBUG] o.m.s.mapper.ClassPathMapperScanner - Creating MapperFactoryBean with name 'userDao' and 'com.onlinecode.admins.dao.UserDao' mapperInterface
2020-09-04 00:14:08 [restartedMain] [DEBUG] o.m.s.mapper.ClassPathMapperScanner - Enabling autowire by type for MapperFactoryBean with name 'userDao'.
2020-09-04 00:14:08 [restartedMain] [DEBUG] o.m.s.mapper.ClassPathMapperScanner - Creating MapperFactoryBean with name 'defaultAuthenticationProviderDao' and 'com.onlinecode.core.dao.DefaultAuthenticationProviderDao' mapperInterface
2020-09-04 00:14:08 [restartedMain] [DEBUG] o.m.s.mapper.ClassPathMapperScanner - Enabling autowire by type for MapperFactoryBean with name 'defaultAuthenticationProviderDao'.
2020-09-04 00:14:08 [restartedMain] [INFO] o.s.c.s.PostProcessorRegistrationDelegate$BeanPostProcessorChecker - Bean 'org.springframework.ws.config.annotation.DelegatingWsConfiguration' of type [org.springframework.ws.config.annotation.DelegatingWsConfiguration$$EnhancerBySpringCGLIB$$965c41f2] is not eligible for getting processed by all BeanPostProcessors (for example: not eligible for auto-proxying)
2020-09-04 00:14:08 [restartedMain] [INFO] o.s.w.s.a.s.AnnotationActionEndpointMapping - Supporting [WS-Addressing August 2004, WS-Addressing 1.0]
2020-09-04 00:14:08 [restartedMain] [INFO] o.s.c.s.PostProcessorRegistrationDelegate$BeanPostProcessorChecker - Bean 'org.springframework.security.access.expression.method.DefaultMethodSecurityExpressionHandler@5848091b' of type [org.springframework.security.access.expression.method.DefaultMethodSecurityExpressionHandler] is not eligible for getting processed by all BeanPostProcessors (for example: not eligible for auto-proxying)
2020-09-04 00:14:08 [restartedMain] [INFO] o.s.c.s.PostProcessorRegistrationDelegate$BeanPostProcessorChecker - Bean 'methodSecurityMetadataSource' of type [org.springframework.security.access.method.DelegatingMethodSecurityMetadataSource] is not eligible for getting processed by all BeanPostProcessors (for example: not eligible for auto-proxying)
2020-09-04 00:14:08 [restartedMain] [INFO] o.s.b.w.e.tomcat.TomcatWebServer - Tomcat initialized with port(s): 8080 (http)
2020-09-04 00:14:08 [restartedMain] [INFO] o.a.coyote.http11.Http11NioProtocol - Initializing ProtocolHandler ["http-nio-8080"]
2020-09-04 00:14:08 [restartedMain] [INFO] o.a.catalina.core.StandardService - Starting service [Tomcat]
2020-09-04 00:14:08 [restartedMain] [INFO] o.a.catalina.core.StandardEngine - Starting Servlet engine: [Apache Tomcat/9.0.37]
2020-09-04 00:14:09 [restartedMain] [INFO] o.a.c.c.C.[Tomcat].[localhost].[/] - Initializing Spring embedded WebApplicationContext
2020-09-04 00:14:09 [restartedMain] [INFO] o.s.b.w.s.c.ServletWebServerApplicationContext - Root WebApplicationContext: initialization completed in 1386 ms
2020-09-04 00:14:09 [restartedMain] [DEBUG] o.m.spring.SqlSessionFactoryBean - Parsed configuration file: 'class path resource [mybatis/mybatis_config.xml]'
2020-09-04 00:14:09 [restartedMain] [DEBUG] o.m.spring.SqlSessionFactoryBean - Parsed mapper file: 'file [D:\gradle-project\bizcode\build\resources\main\mybatis\mapper\admins\companyDAO.xml]'
2020-09-04 00:14:09 [restartedMain] [DEBUG] o.m.spring.SqlSessionFactoryBean - Parsed mapper file: 'file [D:\gradle-project\bizcode\build\resources\main\mybatis\mapper\admins\mainCategoryDao.xml]'
2020-09-04 00:14:09 [restartedMain] [DEBUG] o.m.spring.SqlSessionFactoryBean - Parsed mapper file: 'file [D:\gradle-project\bizcode\build\resources\main\mybatis\mapper\admins\userAccountDao.xml]'
2020-09-04 00:14:09 [restartedMain] [DEBUG] o.m.spring.SqlSessionFactoryBean - Parsed mapper file: 'file [D:\gradle-project\bizcode\build\resources\main\mybatis\mapper\admins\userDao.xml]'
2020-09-04 00:14:09 [restartedMain] [DEBUG] o.m.spring.SqlSessionFactoryBean - Parsed mapper file: 'file [D:\gradle-project\bizcode\build\resources\main\mybatis\mapper\core\defaultAuthenticationProviderDao.xml]'
2020-09-04 00:14:09 [restartedMain] [INFO] o.s.s.web.DefaultSecurityFilterChain - Creating filter chain: Ant [pattern='/api/web/**'], []
2020-09-04 00:14:09 [restartedMain] [INFO] o.s.s.web.DefaultSecurityFilterChain - Creating filter chain: Ant [pattern='/api/mobile/**'], []
2020-09-04 00:14:09 [restartedMain] [INFO] o.s.s.web.DefaultSecurityFilterChain - Creating filter chain: Ant [pattern='/401.html'], []
2020-09-04 00:14:09 [restartedMain] [INFO] o.s.s.web.DefaultSecurityFilterChain - Creating filter chain: Ant [pattern='/404.html'], []
2020-09-04 00:14:09 [restartedMain] [INFO] o.s.s.web.DefaultSecurityFilterChain - Creating filter chain: Ant [pattern='/500.html'], []
2020-09-04 00:14:10 [restartedMain] [INFO] o.s.s.web.DefaultSecurityFilterChain - Creating filter chain: OrRequestMatcher [requestMatchers=[Ant [pattern='/oauth/token'], Ant [pattern='/oauth/token_key'], Ant [pattern='/oauth/check_token']]], [org.springframework.security.web.context.request.async.WebAsyncManagerIntegrationFilter@656f2583, org.springframework.security.web.context.SecurityContextPersistenceFilter@1e76d649, org.springframework.security.web.header.HeaderWriterFilter@374999bf, org.springframework.security.web.authentication.logout.LogoutFilter@6b35a76c, org.springframework.security.web.authentication.www.BasicAuthenticationFilter@2b6f498d, org.springframework.security.web.savedrequest.RequestCacheAwareFilter@32650725, org.springframework.security.web.servletapi.SecurityContextHolderAwareRequestFilter@34f854e4, org.springframework.security.web.authentication.AnonymousAuthenticationFilter@2e7b25f8, org.springframework.security.web.session.SessionManagementFilter@137722a4, org.springframework.security.web.access.ExceptionTranslationFilter@b6f4ba2, org.springframework.security.web.access.intercept.FilterSecurityInterceptor@62b5d6ec]
2020-09-04 00:14:10 [restartedMain] [INFO] o.s.s.web.DefaultSecurityFilterChain - Creating filter chain: OrRequestMatcher [requestMatchers=[Ant [pattern='/api/**']]], [org.springframework.security.web.context.request.async.WebAsyncManagerIntegrationFilter@61824a7d, org.springframework.security.web.context.SecurityContextPersistenceFilter@72c51137, org.springframework.security.web.header.HeaderWriterFilter@362875ef, org.springframework.security.web.authentication.logout.LogoutFilter@313aca10, org.springframework.security.oauth2.provider.authentication.OAuth2AuthenticationProcessingFilter@2c075b97, org.springframework.security.web.savedrequest.RequestCacheAwareFilter@553d8da1, org.springframework.security.web.servletapi.SecurityContextHolderAwareRequestFilter@20cf0de4, org.springframework.security.web.authentication.AnonymousAuthenticationFilter@3331b92d, org.springframework.security.web.session.SessionManagementFilter@6a743b95, org.springframework.security.web.access.ExceptionTranslationFilter@1d774513, org.springframework.security.web.access.intercept.FilterSecurityInterceptor@3db322be]
2020-09-04 00:14:10 [restartedMain] [INFO] o.s.s.web.DefaultSecurityFilterChain - Creating filter chain: any request, [org.springframework.security.web.context.request.async.WebAsyncManagerIntegrationFilter@226ca88d, org.springframework.security.web.context.SecurityContextPersistenceFilter@1ee1ae31, org.springframework.security.web.header.HeaderWriterFilter@736d26ce, org.springframework.security.web.csrf.CsrfFilter@7d776fd7, org.springframework.security.web.authentication.logout.LogoutFilter@6fe65499, org.springframework.security.web.authentication.UsernamePasswordAuthenticationFilter@14a8fabf, org.springframework.security.web.authentication.ui.DefaultLoginPageGeneratingFilter@3b0c60b5, org.springframework.security.web.authentication.ui.DefaultLogoutPageGeneratingFilter@630e6ab0, org.springframework.security.web.authentication.www.BasicAuthenticationFilter@228406ef, org.springframework.security.web.savedrequest.RequestCacheAwareFilter@3c9252a9, org.springframework.security.web.servletapi.SecurityContextHolderAwareRequestFilter@26d358a3, org.springframework.security.web.authentication.AnonymousAuthenticationFilter@783ecfa4, org.springframework.security.web.session.SessionManagementFilter@6b36e32, org.springframework.security.web.access.ExceptionTranslationFilter@35a2ee7a, org.springframework.security.web.access.intercept.FilterSecurityInterceptor@5206e11f]
2020-09-04 00:14:10 [restartedMain] [INFO] o.s.s.c.ThreadPoolTaskExecutor - Initializing ExecutorService 'applicationTaskExecutor'
2020-09-04 00:14:10 [restartedMain] [WARN] o.s.b.a.t.ThymeleafAutoConfiguration$DefaultTemplateResolverConfiguration - Cannot find template location: classpath:/templates/ (please add some templates or check your Thymeleaf configuration)
2020-09-04 00:14:10 [restartedMain] [WARN] o.t.templatemode.TemplateMode - [THYMELEAF][restartedMain] Template Mode 'LEGACYHTML5' is deprecated. Using Template Mode 'HTML' instead.
2020-09-04 00:14:10 [restartedMain] [DEBUG] o.m.s.b.a.MybatisAutoConfiguration - Not found configuration for registering mapper bean using @MapperScan, MapperFactoryBean and MapperScannerConfigurer.
2020-09-04 00:14:10 [restartedMain] [INFO] com.zaxxer.hikari.HikariDataSource - HikariPool-1 - Starting...
2020-09-04 00:14:10 [restartedMain] [INFO] com.zaxxer.hikari.HikariDataSource - HikariPool-1 - Start completed.
2020-09-04 00:14:10 [restartedMain] [INFO] o.s.b.d.a.OptionalLiveReloadServer - LiveReload server is running on port 35729
2020-09-04 00:14:10 [restartedMain] [INFO] o.a.coyote.http11.Http11NioProtocol - Starting ProtocolHandler ["http-nio-8080"]
2020-09-04 00:14:10 [restartedMain] [INFO] o.s.b.w.e.tomcat.TomcatWebServer - Tomcat started on port(s): 8080 (http) with context path ''
2020-09-04 00:14:10 [restartedMain] [INFO] com.onlinecode.BizcodeApplication - Started BizcodeApplication in 3.665 seconds (JVM running for 4.503)
2020-09-04 00:16:06 [SpringContextShutdownHook] [INFO] o.s.s.c.ThreadPoolTaskExecutor - Shutting down ExecutorService 'applicationTaskExecutor'
2020-09-04 00:16:06 [SpringContextShutdownHook] [INFO] com.zaxxer.hikari.HikariDataSource - HikariPool-1 - Shutdown initiated...
2020-09-04 00:16:06 [SpringContextShutdownHook] [INFO] com.zaxxer.hikari.HikariDataSource - HikariPool-1 - Shutdown completed.
2020-09-04 17:37:04 [restartedMain] [INFO] com.onlinecode.BizcodeApplication - Starting BizcodeApplication using Java 11.0.4 on DESKTOP-3B8PA24 with PID 18364 (D:\gradle-project\bizcode\build\classes\java\main started by Eanda in D:\gradle-project\bizcode)
2020-09-04 17:37:04 [restartedMain] [DEBUG] com.onlinecode.BizcodeApplication - Running with Spring Boot v2.4.0-SNAPSHOT, Spring v5.3.0-SNAPSHOT
2020-09-04 17:37:04 [restartedMain] [INFO] com.onlinecode.BizcodeApplication - No active profile set, falling back to default profiles: default
2020-09-04 17:37:04 [restartedMain] [INFO] o.s.b.d.restart.ChangeableUrls - The Class-Path manifest attribute in C:\Users\Eanda\.gradle\caches\modules-2\files-2.1\javax.xml\jaxb-impl\2.1\8c86d5d4eac7f89cec63432274d712ba82cd201b\jaxb-impl-2.1.jar referenced one or more files that do not exist: file:/C:/Users/Eanda/.gradle/caches/modules-2/files-2.1/javax.xml/jaxb-impl/2.1/8c86d5d4eac7f89cec63432274d712ba82cd201b/jaxb-api.jar,file:/C:/Users/Eanda/.gradle/caches/modules-2/files-2.1/javax.xml/jaxb-impl/2.1/8c86d5d4eac7f89cec63432274d712ba82cd201b/activation.jar,file:/C:/Users/Eanda/.gradle/caches/modules-2/files-2.1/javax.xml/jaxb-impl/2.1/8c86d5d4eac7f89cec63432274d712ba82cd201b/jsr173_1.0_api.jar,file:/C:/Users/Eanda/.gradle/caches/modules-2/files-2.1/javax.xml/jaxb-impl/2.1/8c86d5d4eac7f89cec63432274d712ba82cd201b/jaxb1-impl.jar
2020-09-04 17:37:04 [restartedMain] [INFO] o.s.b.d.e.DevToolsPropertyDefaultsPostProcessor - Devtools property defaults active! Set 'spring.devtools.add-properties' to 'false' to disable
2020-09-04 17:37:04 [restartedMain] [INFO] o.s.b.d.e.DevToolsPropertyDefaultsPostProcessor - For additional web related logging consider setting the 'logging.level.web' property to 'DEBUG'
2020-09-04 17:37:09 [restartedMain] [DEBUG] o.m.s.b.a.MybatisAutoConfiguration - Searching for mappers annotated with @Mapper
2020-09-04 17:37:09 [restartedMain] [DEBUG] o.m.s.b.a.MybatisAutoConfiguration - Using auto-configuration base package 'com.onlinecode'
2020-09-04 17:37:10 [restartedMain] [INFO] o.s.d.r.c.RepositoryConfigurationDelegate - Bootstrapping Spring Data JDBC repositories in DEFAULT mode.
2020-09-04 17:37:10 [restartedMain] [INFO] o.s.d.r.c.RepositoryConfigurationDelegate - Finished Spring Data repository scanning in 18 ms. Found 0 JDBC repository interfaces.
2020-09-04 17:37:10 [restartedMain] [DEBUG] o.m.s.mapper.ClassPathMapperScanner - Identified candidate component class: file [D:\gradle-project\bizcode\build\classes\java\main\com\bizcode\admins\dao\CategoryDao.class]
2020-09-04 17:37:10 [restartedMain] [DEBUG] o.m.s.mapper.ClassPathMapperScanner - Identified candidate component class: file [D:\gradle-project\bizcode\build\classes\java\main\com\bizcode\admins\dao\CompanyDao.class]
2020-09-04 17:37:10 [restartedMain] [DEBUG] o.m.s.mapper.ClassPathMapperScanner - Identified candidate component class: file [D:\gradle-project\bizcode\build\classes\java\main\com\bizcode\admins\dao\ResourceFileInfoDao.class]
2020-09-04 17:37:10 [restartedMain] [DEBUG] o.m.s.mapper.ClassPathMapperScanner - Identified candidate component class: file [D:\gradle-project\bizcode\build\classes\java\main\com\bizcode\admins\dao\UserAccountDao.class]
2020-09-04 17:37:10 [restartedMain] [DEBUG] o.m.s.mapper.ClassPathMapperScanner - Identified candidate component class: file [D:\gradle-project\bizcode\build\classes\java\main\com\bizcode\admins\dao\UserDao.class]
2020-09-04 17:37:10 [restartedMain] [DEBUG] o.m.s.mapper.ClassPathMapperScanner - Identified candidate component class: file [D:\gradle-project\bizcode\build\classes\java\main\com\bizcode\core\dao\DefaultAuthenticationProviderDao.class]
2020-09-04 17:37:10 [restartedMain] [DEBUG] o.m.s.mapper.ClassPathMapperScanner - Creating MapperFactoryBean with name 'categoryDao' and 'com.onlinecode.admins.dao.CategoryDao' mapperInterface
2020-09-04 17:37:10 [restartedMain] [DEBUG] o.m.s.mapper.ClassPathMapperScanner - Enabling autowire by type for MapperFactoryBean with name 'categoryDao'.
2020-09-04 17:37:10 [restartedMain] [DEBUG] o.m.s.mapper.ClassPathMapperScanner - Creating MapperFactoryBean with name 'companyDao' and 'com.onlinecode.admins.dao.CompanyDao' mapperInterface
2020-09-04 17:37:10 [restartedMain] [DEBUG] o.m.s.mapper.ClassPathMapperScanner - Enabling autowire by type for MapperFactoryBean with name 'companyDao'.
2020-09-04 17:37:10 [restartedMain] [DEBUG] o.m.s.mapper.ClassPathMapperScanner - Creating MapperFactoryBean with name 'resourceFileInfoDao' and 'com.onlinecode.admins.dao.ResourceFileInfoDao' mapperInterface
2020-09-04 17:37:10 [restartedMain] [DEBUG] o.m.s.mapper.ClassPathMapperScanner - Enabling autowire by type for MapperFactoryBean with name 'resourceFileInfoDao'.
2020-09-04 17:37:10 [restartedMain] [DEBUG] o.m.s.mapper.ClassPathMapperScanner - Creating MapperFactoryBean with name 'userAccountDao' and 'com.onlinecode.admins.dao.UserAccountDao' mapperInterface
2020-09-04 17:37:10 [restartedMain] [DEBUG] o.m.s.mapper.ClassPathMapperScanner - Enabling autowire by type for MapperFactoryBean with name 'userAccountDao'.
2020-09-04 17:37:10 [restartedMain] [DEBUG] o.m.s.mapper.ClassPathMapperScanner - Creating MapperFactoryBean with name 'userDao' and 'com.onlinecode.admins.dao.UserDao' mapperInterface
2020-09-04 17:37:10 [restartedMain] [DEBUG] o.m.s.mapper.ClassPathMapperScanner - Enabling autowire by type for MapperFactoryBean with name 'userDao'.
2020-09-04 17:37:10 [restartedMain] [DEBUG] o.m.s.mapper.ClassPathMapperScanner - Creating MapperFactoryBean with name 'defaultAuthenticationProviderDao' and 'com.onlinecode.core.dao.DefaultAuthenticationProviderDao' mapperInterface
2020-09-04 17:37:10 [restartedMain] [DEBUG] o.m.s.mapper.ClassPathMapperScanner - Enabling autowire by type for MapperFactoryBean with name 'defaultAuthenticationProviderDao'.
2020-09-04 17:37:10 [restartedMain] [INFO] o.s.c.s.PostProcessorRegistrationDelegate$BeanPostProcessorChecker - Bean 'org.springframework.ws.config.annotation.DelegatingWsConfiguration' of type [org.springframework.ws.config.annotation.DelegatingWsConfiguration$$EnhancerBySpringCGLIB$$4d3a5cc6] is not eligible for getting processed by all BeanPostProcessors (for example: not eligible for auto-proxying)
2020-09-04 17:37:10 [restartedMain] [INFO] o.s.w.s.a.s.AnnotationActionEndpointMapping - Supporting [WS-Addressing August 2004, WS-Addressing 1.0]
2020-09-04 17:37:10 [restartedMain] [INFO] o.s.c.s.PostProcessorRegistrationDelegate$BeanPostProcessorChecker - Bean 'org.springframework.security.access.expression.method.DefaultMethodSecurityExpressionHandler@5d3054dd' of type [org.springframework.security.access.expression.method.DefaultMethodSecurityExpressionHandler] is not eligible for getting processed by all BeanPostProcessors (for example: not eligible for auto-proxying)
2020-09-04 17:37:10 [restartedMain] [INFO] o.s.c.s.PostProcessorRegistrationDelegate$BeanPostProcessorChecker - Bean 'methodSecurityMetadataSource' of type [org.springframework.security.access.method.DelegatingMethodSecurityMetadataSource] is not eligible for getting processed by all BeanPostProcessors (for example: not eligible for auto-proxying)
2020-09-04 17:37:10 [restartedMain] [INFO] o.s.b.w.e.tomcat.TomcatWebServer - Tomcat initialized with port(s): 8080 (http)
2020-09-04 17:37:10 [restartedMain] [INFO] o.a.coyote.http11.Http11NioProtocol - Initializing ProtocolHandler ["http-nio-8080"]
2020-09-04 17:37:10 [restartedMain] [INFO] o.a.catalina.core.StandardService - Starting service [Tomcat]
2020-09-04 17:37:10 [restartedMain] [INFO] o.a.catalina.core.StandardEngine - Starting Servlet engine: [Apache Tomcat/9.0.37]
2020-09-04 17:37:10 [restartedMain] [INFO] o.a.c.c.C.[Tomcat].[localhost].[/] - Initializing Spring embedded WebApplicationContext
2020-09-04 17:37:10 [restartedMain] [INFO] o.s.b.w.s.c.ServletWebServerApplicationContext - Root WebApplicationContext: initialization completed in 6045 ms
2020-09-04 17:37:11 [restartedMain] [DEBUG] o.m.spring.SqlSessionFactoryBean - Parsed configuration file: 'class path resource [mybatis/mybatis_config.xml]'
2020-09-04 17:37:11 [restartedMain] [DEBUG] o.m.spring.SqlSessionFactoryBean - Parsed mapper file: 'file [D:\gradle-project\bizcode\build\resources\main\mybatis\mapper\admins\companyDAO.xml]'
2020-09-04 17:37:11 [restartedMain] [DEBUG] o.m.spring.SqlSessionFactoryBean - Parsed mapper file: 'file [D:\gradle-project\bizcode\build\resources\main\mybatis\mapper\admins\mainCategoryDao.xml]'
2020-09-04 17:37:11 [restartedMain] [DEBUG] o.m.spring.SqlSessionFactoryBean - Parsed mapper file: 'file [D:\gradle-project\bizcode\build\resources\main\mybatis\mapper\admins\userAccountDao.xml]'
2020-09-04 17:37:11 [restartedMain] [DEBUG] o.m.spring.SqlSessionFactoryBean - Parsed mapper file: 'file [D:\gradle-project\bizcode\build\resources\main\mybatis\mapper\admins\userDao.xml]'
2020-09-04 17:37:11 [restartedMain] [DEBUG] o.m.spring.SqlSessionFactoryBean - Parsed mapper file: 'file [D:\gradle-project\bizcode\build\resources\main\mybatis\mapper\core\defaultAuthenticationProviderDao.xml]'
2020-09-04 17:37:12 [restartedMain] [INFO] o.s.s.web.DefaultSecurityFilterChain - Creating filter chain: Ant [pattern='/api/web/**'], []
2020-09-04 17:37:12 [restartedMain] [INFO] o.s.s.web.DefaultSecurityFilterChain - Creating filter chain: Ant [pattern='/api/mobile/**'], []
2020-09-04 17:37:12 [restartedMain] [INFO] o.s.s.web.DefaultSecurityFilterChain - Creating filter chain: Ant [pattern='/401.html'], []
2020-09-04 17:37:12 [restartedMain] [INFO] o.s.s.web.DefaultSecurityFilterChain - Creating filter chain: Ant [pattern='/404.html'], []
2020-09-04 17:37:12 [restartedMain] [INFO] o.s.s.web.DefaultSecurityFilterChain - Creating filter chain: Ant [pattern='/500.html'], []
2020-09-04 17:37:12 [restartedMain] [INFO] o.s.s.web.DefaultSecurityFilterChain - Creating filter chain: OrRequestMatcher [requestMatchers=[Ant [pattern='/oauth/token'], Ant [pattern='/oauth/token_key'], Ant [pattern='/oauth/check_token']]], [org.springframework.security.web.context.request.async.WebAsyncManagerIntegrationFilter@287c42c2, org.springframework.security.web.context.SecurityContextPersistenceFilter@6274d741, org.springframework.security.web.header.HeaderWriterFilter@12f597c7, org.springframework.security.web.authentication.logout.LogoutFilter@57c176af, org.springframework.security.web.authentication.www.BasicAuthenticationFilter@23417dc8, org.springframework.security.web.savedrequest.RequestCacheAwareFilter@1ac8417d, org.springframework.security.web.servletapi.SecurityContextHolderAwareRequestFilter@2fd0925d, org.springframework.security.web.authentication.AnonymousAuthenticationFilter@7ac9ddfd, org.springframework.security.web.session.SessionManagementFilter@3c7c9d72, org.springframework.security.web.access.ExceptionTranslationFilter@3223d23b, org.springframework.security.web.access.intercept.FilterSecurityInterceptor@1e1a7121]
2020-09-04 17:37:12 [restartedMain] [INFO] o.s.s.web.DefaultSecurityFilterChain - Creating filter chain: OrRequestMatcher [requestMatchers=[Ant [pattern='/api/**']]], [org.springframework.security.web.context.request.async.WebAsyncManagerIntegrationFilter@2033bc94, org.springframework.security.web.context.SecurityContextPersistenceFilter@65cbd635, org.springframework.security.web.header.HeaderWriterFilter@3d0134b5, org.springframework.security.web.authentication.logout.LogoutFilter@724779aa, org.springframework.security.oauth2.provider.authentication.OAuth2AuthenticationProcessingFilter@7d7a71c8, org.springframework.security.web.savedrequest.RequestCacheAwareFilter@12aefd8f, org.springframework.security.web.servletapi.SecurityContextHolderAwareRequestFilter@263ec7f3, org.springframework.security.web.authentication.AnonymousAuthenticationFilter@60588f86, org.springframework.security.web.session.SessionManagementFilter@75934885, org.springframework.security.web.access.ExceptionTranslationFilter@b3f95a6, org.springframework.security.web.access.intercept.FilterSecurityInterceptor@e0fcded]
2020-09-04 17:37:12 [restartedMain] [INFO] o.s.s.web.DefaultSecurityFilterChain - Creating filter chain: any request, [org.springframework.security.web.context.request.async.WebAsyncManagerIntegrationFilter@486ce3a8, org.springframework.security.web.context.SecurityContextPersistenceFilter@1a699c50, org.springframework.security.web.header.HeaderWriterFilter@61659f64, org.springframework.security.web.csrf.CsrfFilter@1f88c939, org.springframework.security.web.authentication.logout.LogoutFilter@2d30ee90, org.springframework.security.web.authentication.UsernamePasswordAuthenticationFilter@43032084, org.springframework.security.web.authentication.ui.DefaultLoginPageGeneratingFilter@24eeb805, org.springframework.security.web.authentication.ui.DefaultLogoutPageGeneratingFilter@76c30200, org.springframework.security.web.authentication.www.BasicAuthenticationFilter@75eed65c, org.springframework.security.web.savedrequest.RequestCacheAwareFilter@4884e01e, org.springframework.security.web.servletapi.SecurityContextHolderAwareRequestFilter@557d8d5, org.springframework.security.web.authentication.AnonymousAuthenticationFilter@72c69363, org.springframework.security.web.session.SessionManagementFilter@66d8f812, org.springframework.security.web.access.ExceptionTranslationFilter@38fd5843, org.springframework.security.web.access.intercept.FilterSecurityInterceptor@3b663634]
2020-09-04 17:37:12 [restartedMain] [INFO] o.s.s.c.ThreadPoolTaskExecutor - Initializing ExecutorService 'applicationTaskExecutor'
2020-09-04 17:37:12 [restartedMain] [WARN] o.s.b.a.t.ThymeleafAutoConfiguration$DefaultTemplateResolverConfiguration - Cannot find template location: classpath:/templates/ (please add some templates or check your Thymeleaf configuration)
2020-09-04 17:37:12 [restartedMain] [WARN] o.t.templatemode.TemplateMode - [THYMELEAF][restartedMain] Template Mode 'LEGACYHTML5' is deprecated. Using Template Mode 'HTML' instead.
2020-09-04 17:37:12 [restartedMain] [DEBUG] o.m.s.b.a.MybatisAutoConfiguration - Not found configuration for registering mapper bean using @MapperScan, MapperFactoryBean and MapperScannerConfigurer.
2020-09-04 17:37:12 [restartedMain] [INFO] com.zaxxer.hikari.HikariDataSource - HikariPool-1 - Starting...
2020-09-04 17:37:13 [restartedMain] [INFO] com.zaxxer.hikari.HikariDataSource - HikariPool-1 - Start completed.
2020-09-04 17:37:13 [restartedMain] [INFO] o.s.b.d.a.OptionalLiveReloadServer - LiveReload server is running on port 35729
2020-09-04 17:37:13 [restartedMain] [INFO] o.a.coyote.http11.Http11NioProtocol - Starting ProtocolHandler ["http-nio-8080"]
2020-09-04 17:37:13 [restartedMain] [INFO] o.s.b.w.e.tomcat.TomcatWebServer - Tomcat started on port(s): 8080 (http) with context path ''
2020-09-04 17:37:13 [restartedMain] [INFO] com.onlinecode.BizcodeApplication - Started BizcodeApplication in 8.94 seconds (JVM running for 11.654)
2020-09-04 17:49:23 [http-nio-8080-exec-1] [INFO] o.a.c.c.C.[Tomcat].[localhost].[/] - Initializing Spring DispatcherServlet 'dispatcherServlet'
2020-09-04 17:49:23 [http-nio-8080-exec-1] [INFO] o.s.web.servlet.DispatcherServlet - Initializing Servlet 'dispatcherServlet'
2020-09-04 17:49:23 [http-nio-8080-exec-1] [INFO] o.s.web.servlet.DispatcherServlet - Completed initialization in 6 ms
2020-09-04 17:49:25 [http-nio-8080-exec-1] [DEBUG] org.mybatis.spring.SqlSessionUtils - Creating a new SqlSession
2020-09-04 17:49:25 [http-nio-8080-exec-1] [DEBUG] org.mybatis.spring.SqlSessionUtils - SqlSession [org.apache.ibatis.session.defaults.DefaultSqlSession@63d519d6] was not registered for synchronization because synchronization is not active
2020-09-04 17:49:25 [http-nio-8080-exec-1] [DEBUG] o.m.s.t.SpringManagedTransaction - JDBC Connection [HikariProxyConnection@1084543955 wrapping org.postgresql.jdbc.PgConnection@42ef8c57] will not be managed by Spring
2020-09-04 17:49:25 [http-nio-8080-exec-1] [DEBUG] c.b.c.d.D.getUserByName - ==>  Preparing: select u.id , u.user_name , u."password" , u.account_expired , u.account_locked , u.credentials_expired , u.enabled , a."name" as "authority_name" , a.id as "authority_id" from user_ u inner join users_authorities ua on ua.user_id = u.id inner join authority a on a.id = ua.authority_id where u.user_name = ? 
2020-09-04 17:49:25 [http-nio-8080-exec-1] [DEBUG] c.b.c.d.D.getUserByName - ==> Parameters: reader(String)
2020-09-04 17:49:25 [http-nio-8080-exec-1] [DEBUG] c.b.c.d.D.getUserByName - <==      Total: 2
2020-09-04 17:49:25 [http-nio-8080-exec-1] [DEBUG] org.mybatis.spring.SqlSessionUtils - Closing non transactional SqlSession [org.apache.ibatis.session.defaults.DefaultSqlSession@63d519d6]
2020-09-04 17:49:25 [http-nio-8080-exec-1] [DEBUG] org.mybatis.spring.SqlSessionUtils - Creating a new SqlSession
2020-09-04 17:49:25 [http-nio-8080-exec-1] [DEBUG] org.mybatis.spring.SqlSessionUtils - SqlSession [org.apache.ibatis.session.defaults.DefaultSqlSession@56cdebc4] was not registered for synchronization because synchronization is not active
2020-09-04 17:49:25 [http-nio-8080-exec-1] [DEBUG] o.m.s.t.SpringManagedTransaction - JDBC Connection [HikariProxyConnection@1968167551 wrapping org.postgresql.jdbc.PgConnection@42ef8c57] will not be managed by Spring
2020-09-04 17:49:25 [http-nio-8080-exec-1] [DEBUG] c.b.c.d.D.updateLoginSuccess - ==>  Preparing: UPDATE user_ SET last_login_date = to_char(NOW(), 'YYYYMMDD') , last_login_time = to_char(NOW(), 'HH12MISS') WHERE user_name = ? 
2020-09-04 17:49:25 [http-nio-8080-exec-1] [DEBUG] c.b.c.d.D.updateLoginSuccess - ==> Parameters: reader(String)
2020-09-04 17:49:25 [http-nio-8080-exec-1] [DEBUG] c.b.c.d.D.updateLoginSuccess - <==    Updates: 1
2020-09-04 17:49:25 [http-nio-8080-exec-1] [DEBUG] org.mybatis.spring.SqlSessionUtils - Closing non transactional SqlSession [org.apache.ibatis.session.defaults.DefaultSqlSession@56cdebc4]
2020-09-04 17:49:25 [http-nio-8080-exec-1] [INFO] o.s.s.o.p.token.store.JdbcTokenStore - Failed to find access token for token 2b7ca73a-2c6a-4063-826d-4a682c587985
2020-09-04 17:49:25 [http-nio-8080-exec-3] [DEBUG] org.mybatis.spring.SqlSessionUtils - Creating a new SqlSession
2020-09-04 17:49:25 [http-nio-8080-exec-3] [DEBUG] org.mybatis.spring.SqlSessionUtils - SqlSession [org.apache.ibatis.session.defaults.DefaultSqlSession@68f5f1b5] was not registered for synchronization because synchronization is not active
2020-09-04 17:49:25 [http-nio-8080-exec-3] [DEBUG] o.m.s.t.SpringManagedTransaction - JDBC Connection [HikariProxyConnection@213799323 wrapping org.postgresql.jdbc.PgConnection@42ef8c57] will not be managed by Spring
2020-09-04 17:49:25 [http-nio-8080-exec-3] [DEBUG] c.b.a.dao.UserDao.loadUserByUserName - ==>  Preparing: select u.id , u.account_expired , u.account_locked , u.credentials_expired , u.enabled , u.user_name , u.resource_img_id from user_ u where u.user_name = ? 
2020-09-04 17:49:25 [http-nio-8080-exec-3] [DEBUG] c.b.a.dao.UserDao.loadUserByUserName - ==> Parameters: admin(String)
2020-09-04 17:49:25 [http-nio-8080-exec-3] [DEBUG] c.b.a.dao.UserDao.loadUserByUserName - <==      Total: 1
2020-09-04 17:49:25 [http-nio-8080-exec-3] [DEBUG] org.mybatis.spring.SqlSessionUtils - Closing non transactional SqlSession [org.apache.ibatis.session.defaults.DefaultSqlSession@68f5f1b5]
2020-09-04 17:54:32 [http-nio-8080-exec-5] [DEBUG] org.mybatis.spring.SqlSessionUtils - Creating a new SqlSession
2020-09-04 17:54:32 [http-nio-8080-exec-5] [DEBUG] org.mybatis.spring.SqlSessionUtils - SqlSession [org.apache.ibatis.session.defaults.DefaultSqlSession@5f1ad93] was not registered for synchronization because synchronization is not active
2020-09-04 17:54:32 [http-nio-8080-exec-5] [DEBUG] o.m.s.t.SpringManagedTransaction - JDBC Connection [HikariProxyConnection@1142924046 wrapping org.postgresql.jdbc.PgConnection@42ef8c57] will not be managed by Spring
2020-09-04 17:54:32 [http-nio-8080-exec-5] [DEBUG] c.b.c.d.D.getUserByName - ==>  Preparing: select u.id , u.user_name , u."password" , u.account_expired , u.account_locked , u.credentials_expired , u.enabled , a."name" as "authority_name" , a.id as "authority_id" from user_ u inner join users_authorities ua on ua.user_id = u.id inner join authority a on a.id = ua.authority_id where u.user_name = ? 
2020-09-04 17:54:32 [http-nio-8080-exec-5] [DEBUG] c.b.c.d.D.getUserByName - ==> Parameters: reader(String)
2020-09-04 17:54:32 [http-nio-8080-exec-5] [DEBUG] c.b.c.d.D.getUserByName - <==      Total: 2
2020-09-04 17:54:32 [http-nio-8080-exec-5] [DEBUG] org.mybatis.spring.SqlSessionUtils - Closing non transactional SqlSession [org.apache.ibatis.session.defaults.DefaultSqlSession@5f1ad93]
2020-09-04 17:54:32 [http-nio-8080-exec-5] [DEBUG] org.mybatis.spring.SqlSessionUtils - Creating a new SqlSession
2020-09-04 17:54:32 [http-nio-8080-exec-5] [DEBUG] org.mybatis.spring.SqlSessionUtils - SqlSession [org.apache.ibatis.session.defaults.DefaultSqlSession@36f3ce71] was not registered for synchronization because synchronization is not active
2020-09-04 17:54:32 [http-nio-8080-exec-5] [DEBUG] o.m.s.t.SpringManagedTransaction - JDBC Connection [HikariProxyConnection@352125812 wrapping org.postgresql.jdbc.PgConnection@42ef8c57] will not be managed by Spring
2020-09-04 17:54:32 [http-nio-8080-exec-5] [DEBUG] c.b.c.d.D.updateLoginSuccess - ==>  Preparing: UPDATE user_ SET last_login_date = to_char(NOW(), 'YYYYMMDD') , last_login_time = to_char(NOW(), 'HH12MISS') WHERE user_name = ? 
2020-09-04 17:54:32 [http-nio-8080-exec-5] [DEBUG] c.b.c.d.D.updateLoginSuccess - ==> Parameters: reader(String)
2020-09-04 17:54:32 [http-nio-8080-exec-5] [DEBUG] c.b.c.d.D.updateLoginSuccess - <==    Updates: 1
2020-09-04 17:54:32 [http-nio-8080-exec-5] [DEBUG] org.mybatis.spring.SqlSessionUtils - Closing non transactional SqlSession [org.apache.ibatis.session.defaults.DefaultSqlSession@36f3ce71]
2020-09-04 17:54:32 [http-nio-8080-exec-6] [DEBUG] org.mybatis.spring.SqlSessionUtils - Creating a new SqlSession
2020-09-04 17:54:32 [http-nio-8080-exec-6] [DEBUG] org.mybatis.spring.SqlSessionUtils - SqlSession [org.apache.ibatis.session.defaults.DefaultSqlSession@70e9a4f1] was not registered for synchronization because synchronization is not active
2020-09-04 17:54:32 [http-nio-8080-exec-6] [DEBUG] o.m.s.t.SpringManagedTransaction - JDBC Connection [HikariProxyConnection@2116965532 wrapping org.postgresql.jdbc.PgConnection@42ef8c57] will not be managed by Spring
2020-09-04 17:54:32 [http-nio-8080-exec-6] [DEBUG] c.b.a.dao.UserDao.loadUserByUserName - ==>  Preparing: select u.id , u.account_expired , u.account_locked , u.credentials_expired , u.enabled , u.user_name , u.resource_img_id from user_ u where u.user_name = ? 
2020-09-04 17:54:32 [http-nio-8080-exec-6] [DEBUG] c.b.a.dao.UserDao.loadUserByUserName - ==> Parameters: admin(String)
2020-09-04 17:54:32 [http-nio-8080-exec-6] [DEBUG] c.b.a.dao.UserDao.loadUserByUserName - <==      Total: 1
2020-09-04 17:54:32 [http-nio-8080-exec-6] [DEBUG] org.mybatis.spring.SqlSessionUtils - Closing non transactional SqlSession [org.apache.ibatis.session.defaults.DefaultSqlSession@70e9a4f1]
2020-09-04 23:02:36 [HikariPool-1 housekeeper] [WARN] com.zaxxer.hikari.pool.HikariPool - HikariPool-1 - Thread starvation or clock leap detected (housekeeper delta=4h12m27s229ms577s100ns).
2020-09-04 23:19:23 [http-nio-8080-exec-9] [DEBUG] org.mybatis.spring.SqlSessionUtils - Creating a new SqlSession
2020-09-04 23:19:23 [http-nio-8080-exec-9] [DEBUG] org.mybatis.spring.SqlSessionUtils - SqlSession [org.apache.ibatis.session.defaults.DefaultSqlSession@4ddbca65] was not registered for synchronization because synchronization is not active
2020-09-04 23:19:23 [http-nio-8080-exec-9] [DEBUG] o.m.s.t.SpringManagedTransaction - JDBC Connection [HikariProxyConnection@334860440 wrapping org.postgresql.jdbc.PgConnection@723104bd] will not be managed by Spring
2020-09-04 23:19:23 [http-nio-8080-exec-9] [DEBUG] c.b.c.d.D.getUserByName - ==>  Preparing: select u.id , u.user_name , u."password" , u.account_expired , u.account_locked , u.credentials_expired , u.enabled , a."name" as "authority_name" , a.id as "authority_id" from user_ u inner join users_authorities ua on ua.user_id = u.id inner join authority a on a.id = ua.authority_id where u.user_name = ? 
2020-09-04 23:19:23 [http-nio-8080-exec-9] [DEBUG] c.b.c.d.D.getUserByName - ==> Parameters: admin(String)
2020-09-04 23:19:23 [http-nio-8080-exec-9] [DEBUG] c.b.c.d.D.getUserByName - <==      Total: 9
2020-09-04 23:19:23 [http-nio-8080-exec-9] [DEBUG] org.mybatis.spring.SqlSessionUtils - Closing non transactional SqlSession [org.apache.ibatis.session.defaults.DefaultSqlSession@4ddbca65]
2020-09-04 23:19:23 [http-nio-8080-exec-9] [DEBUG] org.mybatis.spring.SqlSessionUtils - Creating a new SqlSession
2020-09-04 23:19:23 [http-nio-8080-exec-9] [DEBUG] org.mybatis.spring.SqlSessionUtils - SqlSession [org.apache.ibatis.session.defaults.DefaultSqlSession@3d488252] was not registered for synchronization because synchronization is not active
2020-09-04 23:19:23 [http-nio-8080-exec-9] [DEBUG] o.m.s.t.SpringManagedTransaction - JDBC Connection [HikariProxyConnection@1947637496 wrapping org.postgresql.jdbc.PgConnection@723104bd] will not be managed by Spring
2020-09-04 23:19:23 [http-nio-8080-exec-9] [DEBUG] c.b.c.d.D.updateLoginSuccess - ==>  Preparing: UPDATE user_ SET last_login_date = to_char(NOW(), 'YYYYMMDD') , last_login_time = to_char(NOW(), 'HH12MISS') WHERE user_name = ? 
2020-09-04 23:19:23 [http-nio-8080-exec-9] [DEBUG] c.b.c.d.D.updateLoginSuccess - ==> Parameters: admin(String)
2020-09-04 23:19:23 [http-nio-8080-exec-9] [DEBUG] c.b.c.d.D.updateLoginSuccess - <==    Updates: 1
2020-09-04 23:19:23 [http-nio-8080-exec-9] [DEBUG] org.mybatis.spring.SqlSessionUtils - Closing non transactional SqlSession [org.apache.ibatis.session.defaults.DefaultSqlSession@3d488252]
2020-09-04 23:19:24 [http-nio-8080-exec-9] [INFO] o.s.s.o.p.token.store.JdbcTokenStore - Failed to find access token for token 2d646720-abe9-4e36-9b71-f03b92e37fb1
2020-09-04 23:19:24 [http-nio-8080-exec-1] [DEBUG] org.mybatis.spring.SqlSessionUtils - Creating a new SqlSession
2020-09-04 23:19:24 [http-nio-8080-exec-1] [DEBUG] org.mybatis.spring.SqlSessionUtils - SqlSession [org.apache.ibatis.session.defaults.DefaultSqlSession@3370afab] was not registered for synchronization because synchronization is not active
2020-09-04 23:19:24 [http-nio-8080-exec-1] [DEBUG] o.m.s.t.SpringManagedTransaction - JDBC Connection [HikariProxyConnection@1143322151 wrapping org.postgresql.jdbc.PgConnection@723104bd] will not be managed by Spring
2020-09-04 23:19:24 [http-nio-8080-exec-1] [DEBUG] c.b.a.dao.UserDao.loadUserByUserName - ==>  Preparing: select u.id , u.account_expired , u.account_locked , u.credentials_expired , u.enabled , u.user_name , u.resource_img_id from user_ u where u.user_name = ? 
2020-09-04 23:19:24 [http-nio-8080-exec-1] [DEBUG] c.b.a.dao.UserDao.loadUserByUserName - ==> Parameters: admin(String)
2020-09-04 23:19:24 [http-nio-8080-exec-1] [DEBUG] c.b.a.dao.UserDao.loadUserByUserName - <==      Total: 1
2020-09-04 23:19:24 [http-nio-8080-exec-1] [DEBUG] org.mybatis.spring.SqlSessionUtils - Closing non transactional SqlSession [org.apache.ibatis.session.defaults.DefaultSqlSession@3370afab]
2020-09-04 23:20:03 [http-nio-8080-exec-3] [DEBUG] org.mybatis.spring.SqlSessionUtils - Creating a new SqlSession
2020-09-04 23:20:03 [http-nio-8080-exec-3] [DEBUG] org.mybatis.spring.SqlSessionUtils - SqlSession [org.apache.ibatis.session.defaults.DefaultSqlSession@18b15700] was not registered for synchronization because synchronization is not active
2020-09-04 23:20:03 [http-nio-8080-exec-3] [DEBUG] o.m.s.t.SpringManagedTransaction - JDBC Connection [HikariProxyConnection@1456126277 wrapping org.postgresql.jdbc.PgConnection@723104bd] will not be managed by Spring
2020-09-04 23:20:03 [http-nio-8080-exec-3] [DEBUG] c.bizcode.admins.dao.UserDao.getList - ==>  Preparing: select u.id , u.account_expired , u.account_locked , u.credentials_expired , u.enabled , u.user_name , u.resource_img_id , u.create_date as "createDate" , u.create_by as "createBy" , u.modify_date as "modifyDate" , u.modify_by as "modifyBy" from user_ u 
2020-09-04 23:20:03 [http-nio-8080-exec-3] [DEBUG] c.bizcode.admins.dao.UserDao.getList - ==> Parameters: 
2020-09-04 23:20:03 [http-nio-8080-exec-3] [DEBUG] c.bizcode.admins.dao.UserDao.getList - <==      Total: 4
2020-09-04 23:20:03 [http-nio-8080-exec-3] [DEBUG] org.mybatis.spring.SqlSessionUtils - Closing non transactional SqlSession [org.apache.ibatis.session.defaults.DefaultSqlSession@18b15700]
2020-09-04 23:20:03 [http-nio-8080-exec-3] [DEBUG] org.mybatis.spring.SqlSessionUtils - Creating a new SqlSession
2020-09-04 23:20:03 [http-nio-8080-exec-3] [DEBUG] org.mybatis.spring.SqlSessionUtils - SqlSession [org.apache.ibatis.session.defaults.DefaultSqlSession@580937d6] was not registered for synchronization because synchronization is not active
2020-09-04 23:20:03 [http-nio-8080-exec-3] [DEBUG] o.m.s.t.SpringManagedTransaction - JDBC Connection [HikariProxyConnection@1242718848 wrapping org.postgresql.jdbc.PgConnection@723104bd] will not be managed by Spring
2020-09-04 23:20:03 [http-nio-8080-exec-3] [DEBUG] com.onlinecode.admins.dao.UserDao.count - ==>  Preparing: SELECT COUNT (*) FROM "user_"
2020-09-04 23:20:03 [http-nio-8080-exec-3] [DEBUG] com.onlinecode.admins.dao.UserDao.count - ==> Parameters:
2020-09-04 23:20:03 [http-nio-8080-exec-3] [DEBUG] com.onlinecode.admins.dao.UserDao.count - <==      Total: 1
2020-09-04 23:20:03 [http-nio-8080-exec-3] [DEBUG] org.mybatis.spring.SqlSessionUtils - Closing non transactional SqlSession [org.apache.ibatis.session.defaults.DefaultSqlSession@580937d6]
2020-09-04 23:23:00 [SpringContextShutdownHook] [INFO] o.s.s.c.ThreadPoolTaskExecutor - Shutting down ExecutorService 'applicationTaskExecutor'
2020-09-04 23:23:00 [SpringContextShutdownHook] [INFO] com.zaxxer.hikari.HikariDataSource - HikariPool-1 - Shutdown initiated...
2020-09-04 23:23:00 [SpringContextShutdownHook] [INFO] com.zaxxer.hikari.HikariDataSource - HikariPool-1 - Shutdown completed.
2020-09-04 23:23:14 [restartedMain] [INFO] com.onlinecode.BizcodeApplication - Starting BizcodeApplication using Java 11.0.4 on DESKTOP-3B8PA24 with PID 14632 (D:\gradle-project\bizcode\build\classes\java\main started by Eanda in D:\gradle-project\bizcode)
2020-09-04 23:23:14 [restartedMain] [DEBUG] com.onlinecode.BizcodeApplication - Running with Spring Boot v2.4.0-SNAPSHOT, Spring v5.3.0-SNAPSHOT
2020-09-04 23:23:14 [restartedMain] [INFO] com.onlinecode.BizcodeApplication - No active profile set, falling back to default profiles: default
2020-09-04 23:23:15 [restartedMain] [INFO] o.s.b.d.restart.ChangeableUrls - The Class-Path manifest attribute in C:\Users\Eanda\.gradle\caches\modules-2\files-2.1\javax.xml\jaxb-impl\2.1\8c86d5d4eac7f89cec63432274d712ba82cd201b\jaxb-impl-2.1.jar referenced one or more files that do not exist: file:/C:/Users/Eanda/.gradle/caches/modules-2/files-2.1/javax.xml/jaxb-impl/2.1/8c86d5d4eac7f89cec63432274d712ba82cd201b/jaxb-api.jar,file:/C:/Users/Eanda/.gradle/caches/modules-2/files-2.1/javax.xml/jaxb-impl/2.1/8c86d5d4eac7f89cec63432274d712ba82cd201b/activation.jar,file:/C:/Users/Eanda/.gradle/caches/modules-2/files-2.1/javax.xml/jaxb-impl/2.1/8c86d5d4eac7f89cec63432274d712ba82cd201b/jsr173_1.0_api.jar,file:/C:/Users/Eanda/.gradle/caches/modules-2/files-2.1/javax.xml/jaxb-impl/2.1/8c86d5d4eac7f89cec63432274d712ba82cd201b/jaxb1-impl.jar
2020-09-04 23:23:15 [restartedMain] [INFO] o.s.b.d.e.DevToolsPropertyDefaultsPostProcessor - Devtools property defaults active! Set 'spring.devtools.add-properties' to 'false' to disable
2020-09-04 23:23:15 [restartedMain] [INFO] o.s.b.d.e.DevToolsPropertyDefaultsPostProcessor - For additional web related logging consider setting the 'logging.level.web' property to 'DEBUG'
2020-09-04 23:23:16 [restartedMain] [DEBUG] o.m.s.b.a.MybatisAutoConfiguration - Searching for mappers annotated with @Mapper
2020-09-04 23:23:16 [restartedMain] [DEBUG] o.m.s.b.a.MybatisAutoConfiguration - Using auto-configuration base package 'com.onlinecode'
2020-09-04 23:23:16 [restartedMain] [INFO] o.s.d.r.c.RepositoryConfigurationDelegate - Bootstrapping Spring Data JDBC repositories in DEFAULT mode.
2020-09-04 23:23:16 [restartedMain] [INFO] o.s.d.r.c.RepositoryConfigurationDelegate - Finished Spring Data repository scanning in 24 ms. Found 0 JDBC repository interfaces.
2020-09-04 23:23:16 [restartedMain] [DEBUG] o.m.s.mapper.ClassPathMapperScanner - Identified candidate component class: file [D:\gradle-project\bizcode\build\classes\java\main\com\bizcode\admins\dao\CategoryDao.class]
2020-09-04 23:23:16 [restartedMain] [DEBUG] o.m.s.mapper.ClassPathMapperScanner - Identified candidate component class: file [D:\gradle-project\bizcode\build\classes\java\main\com\bizcode\admins\dao\CompanyDao.class]
2020-09-04 23:23:16 [restartedMain] [DEBUG] o.m.s.mapper.ClassPathMapperScanner - Identified candidate component class: file [D:\gradle-project\bizcode\build\classes\java\main\com\bizcode\admins\dao\ResourceFileInfoDao.class]
2020-09-04 23:23:16 [restartedMain] [DEBUG] o.m.s.mapper.ClassPathMapperScanner - Identified candidate component class: file [D:\gradle-project\bizcode\build\classes\java\main\com\bizcode\admins\dao\UserAccountDao.class]
2020-09-04 23:23:16 [restartedMain] [DEBUG] o.m.s.mapper.ClassPathMapperScanner - Identified candidate component class: file [D:\gradle-project\bizcode\build\classes\java\main\com\bizcode\admins\dao\UserDao.class]
2020-09-04 23:23:16 [restartedMain] [DEBUG] o.m.s.mapper.ClassPathMapperScanner - Identified candidate component class: file [D:\gradle-project\bizcode\build\classes\java\main\com\bizcode\core\dao\DefaultAuthenticationProviderDao.class]
2020-09-04 23:23:16 [restartedMain] [DEBUG] o.m.s.mapper.ClassPathMapperScanner - Creating MapperFactoryBean with name 'categoryDao' and 'com.onlinecode.admins.dao.CategoryDao' mapperInterface
2020-09-04 23:23:16 [restartedMain] [DEBUG] o.m.s.mapper.ClassPathMapperScanner - Enabling autowire by type for MapperFactoryBean with name 'categoryDao'.
2020-09-04 23:23:16 [restartedMain] [DEBUG] o.m.s.mapper.ClassPathMapperScanner - Creating MapperFactoryBean with name 'companyDao' and 'com.onlinecode.admins.dao.CompanyDao' mapperInterface
2020-09-04 23:23:16 [restartedMain] [DEBUG] o.m.s.mapper.ClassPathMapperScanner - Enabling autowire by type for MapperFactoryBean with name 'companyDao'.
2020-09-04 23:23:16 [restartedMain] [DEBUG] o.m.s.mapper.ClassPathMapperScanner - Creating MapperFactoryBean with name 'resourceFileInfoDao' and 'com.onlinecode.admins.dao.ResourceFileInfoDao' mapperInterface
2020-09-04 23:23:16 [restartedMain] [DEBUG] o.m.s.mapper.ClassPathMapperScanner - Enabling autowire by type for MapperFactoryBean with name 'resourceFileInfoDao'.
2020-09-04 23:23:16 [restartedMain] [DEBUG] o.m.s.mapper.ClassPathMapperScanner - Creating MapperFactoryBean with name 'userAccountDao' and 'com.onlinecode.admins.dao.UserAccountDao' mapperInterface
2020-09-04 23:23:16 [restartedMain] [DEBUG] o.m.s.mapper.ClassPathMapperScanner - Enabling autowire by type for MapperFactoryBean with name 'userAccountDao'.
2020-09-04 23:23:16 [restartedMain] [DEBUG] o.m.s.mapper.ClassPathMapperScanner - Creating MapperFactoryBean with name 'userDao' and 'com.onlinecode.admins.dao.UserDao' mapperInterface
2020-09-04 23:23:16 [restartedMain] [DEBUG] o.m.s.mapper.ClassPathMapperScanner - Enabling autowire by type for MapperFactoryBean with name 'userDao'.
2020-09-04 23:23:16 [restartedMain] [DEBUG] o.m.s.mapper.ClassPathMapperScanner - Creating MapperFactoryBean with name 'defaultAuthenticationProviderDao' and 'com.onlinecode.core.dao.DefaultAuthenticationProviderDao' mapperInterface
2020-09-04 23:23:16 [restartedMain] [DEBUG] o.m.s.mapper.ClassPathMapperScanner - Enabling autowire by type for MapperFactoryBean with name 'defaultAuthenticationProviderDao'.
2020-09-04 23:23:16 [restartedMain] [INFO] o.s.c.s.PostProcessorRegistrationDelegate$BeanPostProcessorChecker - Bean 'org.springframework.ws.config.annotation.DelegatingWsConfiguration' of type [org.springframework.ws.config.annotation.DelegatingWsConfiguration$$EnhancerBySpringCGLIB$$54d7dd4b] is not eligible for getting processed by all BeanPostProcessors (for example: not eligible for auto-proxying)
2020-09-04 23:23:16 [restartedMain] [INFO] o.s.w.s.a.s.AnnotationActionEndpointMapping - Supporting [WS-Addressing August 2004, WS-Addressing 1.0]
2020-09-04 23:23:16 [restartedMain] [INFO] o.s.c.s.PostProcessorRegistrationDelegate$BeanPostProcessorChecker - Bean 'org.springframework.security.access.expression.method.DefaultMethodSecurityExpressionHandler@61950c32' of type [org.springframework.security.access.expression.method.DefaultMethodSecurityExpressionHandler] is not eligible for getting processed by all BeanPostProcessors (for example: not eligible for auto-proxying)
2020-09-04 23:23:16 [restartedMain] [INFO] o.s.c.s.PostProcessorRegistrationDelegate$BeanPostProcessorChecker - Bean 'methodSecurityMetadataSource' of type [org.springframework.security.access.method.DelegatingMethodSecurityMetadataSource] is not eligible for getting processed by all BeanPostProcessors (for example: not eligible for auto-proxying)
2020-09-04 23:23:17 [restartedMain] [INFO] o.s.b.w.e.tomcat.TomcatWebServer - Tomcat initialized with port(s): 8080 (http)
2020-09-04 23:23:17 [restartedMain] [INFO] o.a.coyote.http11.Http11NioProtocol - Initializing ProtocolHandler ["http-nio-8080"]
2020-09-04 23:23:17 [restartedMain] [INFO] o.a.catalina.core.StandardService - Starting service [Tomcat]
2020-09-04 23:23:17 [restartedMain] [INFO] o.a.catalina.core.StandardEngine - Starting Servlet engine: [Apache Tomcat/9.0.37]
2020-09-04 23:23:17 [restartedMain] [INFO] o.a.c.c.C.[Tomcat].[localhost].[/] - Initializing Spring embedded WebApplicationContext
2020-09-04 23:23:17 [restartedMain] [INFO] o.s.b.w.s.c.ServletWebServerApplicationContext - Root WebApplicationContext: initialization completed in 2539 ms
2020-09-04 23:23:18 [restartedMain] [DEBUG] o.m.spring.SqlSessionFactoryBean - Parsed configuration file: 'class path resource [mybatis/mybatis_config.xml]'
2020-09-04 23:23:18 [restartedMain] [DEBUG] o.m.spring.SqlSessionFactoryBean - Parsed mapper file: 'file [D:\gradle-project\bizcode\build\resources\main\mybatis\mapper\admins\companyDAO.xml]'
2020-09-04 23:23:18 [restartedMain] [DEBUG] o.m.spring.SqlSessionFactoryBean - Parsed mapper file: 'file [D:\gradle-project\bizcode\build\resources\main\mybatis\mapper\admins\mainCategoryDao.xml]'
2020-09-04 23:23:18 [restartedMain] [DEBUG] o.m.spring.SqlSessionFactoryBean - Parsed mapper file: 'file [D:\gradle-project\bizcode\build\resources\main\mybatis\mapper\admins\userAccountDao.xml]'
2020-09-04 23:23:18 [restartedMain] [DEBUG] o.m.spring.SqlSessionFactoryBean - Parsed mapper file: 'file [D:\gradle-project\bizcode\build\resources\main\mybatis\mapper\admins\userDao.xml]'
2020-09-04 23:23:18 [restartedMain] [DEBUG] o.m.spring.SqlSessionFactoryBean - Parsed mapper file: 'file [D:\gradle-project\bizcode\build\resources\main\mybatis\mapper\core\defaultAuthenticationProviderDao.xml]'
2020-09-04 23:23:18 [restartedMain] [INFO] o.s.s.web.DefaultSecurityFilterChain - Creating filter chain: Ant [pattern='/api/web/**'], []
2020-09-04 23:23:18 [restartedMain] [INFO] o.s.s.web.DefaultSecurityFilterChain - Creating filter chain: Ant [pattern='/api/mobile/**'], []
2020-09-04 23:23:18 [restartedMain] [INFO] o.s.s.web.DefaultSecurityFilterChain - Creating filter chain: Ant [pattern='/401.html'], []
2020-09-04 23:23:18 [restartedMain] [INFO] o.s.s.web.DefaultSecurityFilterChain - Creating filter chain: Ant [pattern='/404.html'], []
2020-09-04 23:23:18 [restartedMain] [INFO] o.s.s.web.DefaultSecurityFilterChain - Creating filter chain: Ant [pattern='/500.html'], []
2020-09-04 23:23:19 [restartedMain] [INFO] o.s.s.web.DefaultSecurityFilterChain - Creating filter chain: OrRequestMatcher [requestMatchers=[Ant [pattern='/oauth/token'], Ant [pattern='/oauth/token_key'], Ant [pattern='/oauth/check_token']]], [org.springframework.security.web.context.request.async.WebAsyncManagerIntegrationFilter@24b5cc3a, org.springframework.security.web.context.SecurityContextPersistenceFilter@b6f4ba2, org.springframework.security.web.header.HeaderWriterFilter@6ce5e245, org.springframework.security.web.authentication.logout.LogoutFilter@7c23d371, org.springframework.security.web.authentication.www.BasicAuthenticationFilter@64445050, org.springframework.security.web.savedrequest.RequestCacheAwareFilter@5a655a37, org.springframework.security.web.servletapi.SecurityContextHolderAwareRequestFilter@6808c514, org.springframework.security.web.authentication.AnonymousAuthenticationFilter@538ccc7d, org.springframework.security.web.session.SessionManagementFilter@6ea8ac32, org.springframework.security.web.access.ExceptionTranslationFilter@221ed050, org.springframework.security.web.access.intercept.FilterSecurityInterceptor@1e2d66bb]
2020-09-04 23:23:19 [restartedMain] [INFO] o.s.s.web.DefaultSecurityFilterChain - Creating filter chain: OrRequestMatcher [requestMatchers=[Ant [pattern='/api/**']]], [org.springframework.security.web.context.request.async.WebAsyncManagerIntegrationFilter@7c263ba4, org.springframework.security.web.context.SecurityContextPersistenceFilter@2e7b25f8, org.springframework.security.web.header.HeaderWriterFilter@341d21ac, org.springframework.security.web.authentication.logout.LogoutFilter@3e723ad1, org.springframework.security.oauth2.provider.authentication.OAuth2AuthenticationProcessingFilter@5a46e6c2, org.springframework.security.web.savedrequest.RequestCacheAwareFilter@8c3a60c, org.springframework.security.web.servletapi.SecurityContextHolderAwareRequestFilter@550ef6f9, org.springframework.security.web.authentication.AnonymousAuthenticationFilter@6aeb0c54, org.springframework.security.web.session.SessionManagementFilter@656f2583, org.springframework.security.web.access.ExceptionTranslationFilter@7e9b10b3, org.springframework.security.web.access.intercept.FilterSecurityInterceptor@4cbde4fb]
2020-09-04 23:23:19 [restartedMain] [INFO] o.s.s.web.DefaultSecurityFilterChain - Creating filter chain: any request, [org.springframework.security.web.context.request.async.WebAsyncManagerIntegrationFilter@5206e11f, org.springframework.security.web.context.SecurityContextPersistenceFilter@5d2dceb9, org.springframework.security.web.header.HeaderWriterFilter@2879896f, org.springframework.security.web.csrf.CsrfFilter@ec3c02d, org.springframework.security.web.authentication.logout.LogoutFilter@457379a, org.springframework.security.web.authentication.UsernamePasswordAuthenticationFilter@2e1df36f, org.springframework.security.web.authentication.ui.DefaultLoginPageGeneratingFilter@59239f6c, org.springframework.security.web.authentication.ui.DefaultLogoutPageGeneratingFilter@14a8fabf, org.springframework.security.web.authentication.www.BasicAuthenticationFilter@f992ee9, org.springframework.security.web.savedrequest.RequestCacheAwareFilter@3a46456f, org.springframework.security.web.servletapi.SecurityContextHolderAwareRequestFilter@5e1091b9, org.springframework.security.web.authentication.AnonymousAuthenticationFilter@28ac137d, org.springframework.security.web.session.SessionManagementFilter@4f3911b6, org.springframework.security.web.access.ExceptionTranslationFilter@382be4ef, org.springframework.security.web.access.intercept.FilterSecurityInterceptor@b304c56]
2020-09-04 23:23:19 [restartedMain] [INFO] o.s.s.c.ThreadPoolTaskExecutor - Initializing ExecutorService 'applicationTaskExecutor'
2020-09-04 23:23:19 [restartedMain] [WARN] o.s.b.a.t.ThymeleafAutoConfiguration$DefaultTemplateResolverConfiguration - Cannot find template location: classpath:/templates/ (please add some templates or check your Thymeleaf configuration)
2020-09-04 23:23:19 [restartedMain] [WARN] o.t.templatemode.TemplateMode - [THYMELEAF][restartedMain] Template Mode 'LEGACYHTML5' is deprecated. Using Template Mode 'HTML' instead.
2020-09-04 23:23:19 [restartedMain] [DEBUG] o.m.s.b.a.MybatisAutoConfiguration - Not found configuration for registering mapper bean using @MapperScan, MapperFactoryBean and MapperScannerConfigurer.
2020-09-04 23:23:19 [restartedMain] [INFO] com.zaxxer.hikari.HikariDataSource - HikariPool-1 - Starting...
2020-09-04 23:23:20 [restartedMain] [INFO] com.zaxxer.hikari.HikariDataSource - HikariPool-1 - Start completed.
2020-09-04 23:23:20 [restartedMain] [INFO] o.s.b.d.a.OptionalLiveReloadServer - LiveReload server is running on port 35729
2020-09-04 23:23:20 [restartedMain] [INFO] o.a.coyote.http11.Http11NioProtocol - Starting ProtocolHandler ["http-nio-8080"]
2020-09-04 23:23:20 [restartedMain] [INFO] o.s.b.w.e.tomcat.TomcatWebServer - Tomcat started on port(s): 8080 (http) with context path ''
2020-09-04 23:23:20 [restartedMain] [INFO] com.onlinecode.BizcodeApplication - Started BizcodeApplication in 5.812 seconds (JVM running for 7.196)
