2020-08-19 21:34:21 [restartedMain] [INFO] com.onlinecode.BizcodeApplication - Starting BizcodeApplication using Java 11.0.4 on DESKTOP-3B8PA24 with PID 10284 (D:\gradle-project\bizcode\build\classes\java\main started by Eanda in D:\gradle-project\bizcode)
2020-08-19 21:34:21 [restartedMain] [DEBUG] com.onlinecode.BizcodeApplication - Running with Spring Boot v2.4.0-SNAPSHOT, Spring v5.3.0-SNAPSHOT
2020-08-19 21:34:21 [restartedMain] [INFO] com.onlinecode.BizcodeApplication - No active profile set, falling back to default profiles: default
2020-08-19 21:34:21 [restartedMain] [INFO] o.s.b.d.restart.ChangeableUrls - The Class-Path manifest attribute in C:\Users\Eanda\.gradle\caches\modules-2\files-2.1\javax.xml\jaxb-impl\2.1\8c86d5d4eac7f89cec63432274d712ba82cd201b\jaxb-impl-2.1.jar referenced one or more files that do not exist: file:/C:/Users/Eanda/.gradle/caches/modules-2/files-2.1/javax.xml/jaxb-impl/2.1/8c86d5d4eac7f89cec63432274d712ba82cd201b/jaxb-api.jar,file:/C:/Users/Eanda/.gradle/caches/modules-2/files-2.1/javax.xml/jaxb-impl/2.1/8c86d5d4eac7f89cec63432274d712ba82cd201b/activation.jar,file:/C:/Users/Eanda/.gradle/caches/modules-2/files-2.1/javax.xml/jaxb-impl/2.1/8c86d5d4eac7f89cec63432274d712ba82cd201b/jsr173_1.0_api.jar,file:/C:/Users/Eanda/.gradle/caches/modules-2/files-2.1/javax.xml/jaxb-impl/2.1/8c86d5d4eac7f89cec63432274d712ba82cd201b/jaxb1-impl.jar
2020-08-19 21:34:21 [restartedMain] [INFO] o.s.b.d.e.DevToolsPropertyDefaultsPostProcessor - Devtools property defaults active! Set 'spring.devtools.add-properties' to 'false' to disable
2020-08-19 21:34:21 [restartedMain] [INFO] o.s.b.d.e.DevToolsPropertyDefaultsPostProcessor - For additional web related logging consider setting the 'logging.level.web' property to 'DEBUG'
2020-08-19 21:34:22 [restartedMain] [DEBUG] o.m.s.b.a.MybatisAutoConfiguration - Searching for mappers annotated with @Mapper
2020-08-19 21:34:22 [restartedMain] [DEBUG] o.m.s.b.a.MybatisAutoConfiguration - Using auto-configuration base package 'com.onlinecode'
2020-08-19 21:34:22 [restartedMain] [INFO] o.s.d.r.c.RepositoryConfigurationDelegate - Bootstrapping Spring Data JDBC repositories in DEFAULT mode.
2020-08-19 21:34:23 [restartedMain] [INFO] o.s.d.r.c.RepositoryConfigurationDelegate - Finished Spring Data repository scanning in 27 ms. Found 0 JDBC repository interfaces.
2020-08-19 21:34:23 [restartedMain] [DEBUG] o.m.s.mapper.ClassPathMapperScanner - Identified candidate component class: file [D:\gradle-project\bizcode\build\classes\java\main\com\bizcode\admins\dao\CategoryDao.class]
2020-08-19 21:34:23 [restartedMain] [DEBUG] o.m.s.mapper.ClassPathMapperScanner - Identified candidate component class: file [D:\gradle-project\bizcode\build\classes\java\main\com\bizcode\admins\dao\CompanyDao.class]
2020-08-19 21:34:23 [restartedMain] [DEBUG] o.m.s.mapper.ClassPathMapperScanner - Identified candidate component class: file [D:\gradle-project\bizcode\build\classes\java\main\com\bizcode\admins\dao\UserDao.class]
2020-08-19 21:34:23 [restartedMain] [DEBUG] o.m.s.mapper.ClassPathMapperScanner - Identified candidate component class: file [D:\gradle-project\bizcode\build\classes\java\main\com\bizcode\core\dao\DefaultAuthenticationProviderDao.class]
2020-08-19 21:34:23 [restartedMain] [DEBUG] o.m.s.mapper.ClassPathMapperScanner - Creating MapperFactoryBean with name 'categoryDao' and 'com.onlinecode.admins.dao.CategoryDao' mapperInterface
2020-08-19 21:34:23 [restartedMain] [DEBUG] o.m.s.mapper.ClassPathMapperScanner - Enabling autowire by type for MapperFactoryBean with name 'categoryDao'.
2020-08-19 21:34:23 [restartedMain] [DEBUG] o.m.s.mapper.ClassPathMapperScanner - Creating MapperFactoryBean with name 'companyDao' and 'com.onlinecode.admins.dao.CompanyDao' mapperInterface
2020-08-19 21:34:23 [restartedMain] [DEBUG] o.m.s.mapper.ClassPathMapperScanner - Enabling autowire by type for MapperFactoryBean with name 'companyDao'.
2020-08-19 21:34:23 [restartedMain] [DEBUG] o.m.s.mapper.ClassPathMapperScanner - Creating MapperFactoryBean with name 'userDao' and 'com.onlinecode.admins.dao.UserDao' mapperInterface
2020-08-19 21:34:23 [restartedMain] [DEBUG] o.m.s.mapper.ClassPathMapperScanner - Enabling autowire by type for MapperFactoryBean with name 'userDao'.
2020-08-19 21:34:23 [restartedMain] [DEBUG] o.m.s.mapper.ClassPathMapperScanner - Creating MapperFactoryBean with name 'defaultAuthenticationProviderDao' and 'com.onlinecode.core.dao.DefaultAuthenticationProviderDao' mapperInterface
2020-08-19 21:34:23 [restartedMain] [DEBUG] o.m.s.mapper.ClassPathMapperScanner - Enabling autowire by type for MapperFactoryBean with name 'defaultAuthenticationProviderDao'.
2020-08-19 21:34:23 [restartedMain] [INFO] o.s.c.s.PostProcessorRegistrationDelegate$BeanPostProcessorChecker - Bean 'org.springframework.ws.config.annotation.DelegatingWsConfiguration' of type [org.springframework.ws.config.annotation.DelegatingWsConfiguration$$EnhancerBySpringCGLIB$$b8c7dc67] is not eligible for getting processed by all BeanPostProcessors (for example: not eligible for auto-proxying)
2020-08-19 21:34:23 [restartedMain] [INFO] o.s.w.s.a.s.AnnotationActionEndpointMapping - Supporting [WS-Addressing August 2004, WS-Addressing 1.0]
2020-08-19 21:34:23 [restartedMain] [INFO] o.s.c.s.PostProcessorRegistrationDelegate$BeanPostProcessorChecker - Bean 'org.springframework.security.access.expression.method.DefaultMethodSecurityExpressionHandler@39c87c3b' of type [org.springframework.security.access.expression.method.DefaultMethodSecurityExpressionHandler] is not eligible for getting processed by all BeanPostProcessors (for example: not eligible for auto-proxying)
2020-08-19 21:34:23 [restartedMain] [INFO] o.s.c.s.PostProcessorRegistrationDelegate$BeanPostProcessorChecker - Bean 'methodSecurityMetadataSource' of type [org.springframework.security.access.method.DelegatingMethodSecurityMetadataSource] is not eligible for getting processed by all BeanPostProcessors (for example: not eligible for auto-proxying)
2020-08-19 21:34:23 [restartedMain] [INFO] o.s.b.w.e.tomcat.TomcatWebServer - Tomcat initialized with port(s): 8080 (http)
2020-08-19 21:34:23 [restartedMain] [INFO] o.a.coyote.http11.Http11NioProtocol - Initializing ProtocolHandler ["http-nio-8080"]
2020-08-19 21:34:23 [restartedMain] [INFO] o.a.catalina.core.StandardService - Starting service [Tomcat]
2020-08-19 21:34:23 [restartedMain] [INFO] o.a.catalina.core.StandardEngine - Starting Servlet engine: [Apache Tomcat/9.0.37]
2020-08-19 21:34:23 [restartedMain] [INFO] o.a.c.c.C.[Tomcat].[localhost].[/] - Initializing Spring embedded WebApplicationContext
2020-08-19 21:34:23 [restartedMain] [INFO] o.s.b.w.s.c.ServletWebServerApplicationContext - Root WebApplicationContext: initialization completed in 2188 ms
2020-08-19 21:34:24 [restartedMain] [DEBUG] o.m.spring.SqlSessionFactoryBean - Parsed configuration file: 'class path resource [mybatis/mybatis_config.xml]'
2020-08-19 21:34:24 [restartedMain] [DEBUG] o.m.spring.SqlSessionFactoryBean - Parsed mapper file: 'file [D:\gradle-project\bizcode\build\resources\main\mybatis\mapper\admins\companyDAO.xml]'
2020-08-19 21:34:24 [restartedMain] [DEBUG] o.m.spring.SqlSessionFactoryBean - Parsed mapper file: 'file [D:\gradle-project\bizcode\build\resources\main\mybatis\mapper\admins\mainCategoryDao.xml]'
2020-08-19 21:34:24 [restartedMain] [DEBUG] o.m.spring.SqlSessionFactoryBean - Parsed mapper file: 'file [D:\gradle-project\bizcode\build\resources\main\mybatis\mapper\admins\userDao.xml]'
2020-08-19 21:34:24 [restartedMain] [DEBUG] o.m.spring.SqlSessionFactoryBean - Parsed mapper file: 'file [D:\gradle-project\bizcode\build\resources\main\mybatis\mapper\core\defaultAuthenticationProviderDao.xml]'
2020-08-19 21:34:24 [restartedMain] [INFO] o.s.s.web.DefaultSecurityFilterChain - Creating filter chain: Ant [pattern='/api/web/**'], []
2020-08-19 21:34:24 [restartedMain] [INFO] o.s.s.web.DefaultSecurityFilterChain - Creating filter chain: Ant [pattern='/api/mobile/**'], []
2020-08-19 21:34:24 [restartedMain] [INFO] o.s.s.web.DefaultSecurityFilterChain - Creating filter chain: Ant [pattern='/401.html'], []
2020-08-19 21:34:24 [restartedMain] [INFO] o.s.s.web.DefaultSecurityFilterChain - Creating filter chain: Ant [pattern='/404.html'], []
2020-08-19 21:34:24 [restartedMain] [INFO] o.s.s.web.DefaultSecurityFilterChain - Creating filter chain: Ant [pattern='/500.html'], []
2020-08-19 21:34:24 [restartedMain] [INFO] o.s.s.web.DefaultSecurityFilterChain - Creating filter chain: OrRequestMatcher [requestMatchers=[Ant [pattern='/oauth/token'], Ant [pattern='/oauth/token_key'], Ant [pattern='/oauth/check_token']]], [org.springframework.security.web.context.request.async.WebAsyncManagerIntegrationFilter@15d06620, org.springframework.security.web.context.SecurityContextPersistenceFilter@791d9b36, org.springframework.security.web.header.HeaderWriterFilter@4656a393, org.springframework.security.web.authentication.logout.LogoutFilter@6cc7ddb5, org.springframework.security.web.authentication.www.BasicAuthenticationFilter@7b5c407, org.springframework.security.web.savedrequest.RequestCacheAwareFilter@7dd20294, org.springframework.security.web.servletapi.SecurityContextHolderAwareRequestFilter@2c459478, org.springframework.security.web.authentication.AnonymousAuthenticationFilter@27c7e377, org.springframework.security.web.session.SessionManagementFilter@1a6c183e, org.springframework.security.web.access.ExceptionTranslationFilter@72849a8a, org.springframework.security.web.access.intercept.FilterSecurityInterceptor@6c7f8436]
2020-08-19 21:34:24 [restartedMain] [INFO] o.s.s.web.DefaultSecurityFilterChain - Creating filter chain: OrRequestMatcher [requestMatchers=[Ant [pattern='/api/**']]], [org.springframework.security.web.context.request.async.WebAsyncManagerIntegrationFilter@15362c70, org.springframework.security.web.context.SecurityContextPersistenceFilter@2c8963d8, org.springframework.security.web.header.HeaderWriterFilter@744fb8f2, org.springframework.security.web.authentication.logout.LogoutFilter@14ecb61d, org.springframework.security.oauth2.provider.authentication.OAuth2AuthenticationProcessingFilter@49723943, org.springframework.security.web.savedrequest.RequestCacheAwareFilter@25bc7893, org.springframework.security.web.servletapi.SecurityContextHolderAwareRequestFilter@2cbdccfe, org.springframework.security.web.authentication.AnonymousAuthenticationFilter@75ad7b0d, org.springframework.security.web.session.SessionManagementFilter@5f6013d7, org.springframework.security.web.access.ExceptionTranslationFilter@52ab72e8, org.springframework.security.web.access.intercept.FilterSecurityInterceptor@44e6a46c]
2020-08-19 21:34:24 [restartedMain] [INFO] o.s.s.web.DefaultSecurityFilterChain - Creating filter chain: any request, [org.springframework.security.web.context.request.async.WebAsyncManagerIntegrationFilter@490cc88d, org.springframework.security.web.context.SecurityContextPersistenceFilter@44afbebf, org.springframework.security.web.header.HeaderWriterFilter@70725358, org.springframework.security.web.csrf.CsrfFilter@714ecbf8, org.springframework.security.web.authentication.logout.LogoutFilter@2eefafbe, org.springframework.security.web.authentication.UsernamePasswordAuthenticationFilter@37632942, org.springframework.security.web.authentication.ui.DefaultLoginPageGeneratingFilter@4b14719e, org.springframework.security.web.authentication.ui.DefaultLogoutPageGeneratingFilter@5e647ff1, org.springframework.security.web.authentication.www.BasicAuthenticationFilter@42ddf3c8, org.springframework.security.web.savedrequest.RequestCacheAwareFilter@11a41702, org.springframework.security.web.servletapi.SecurityContextHolderAwareRequestFilter@732e6efd, org.springframework.security.web.authentication.AnonymousAuthenticationFilter@75806364, org.springframework.security.web.session.SessionManagementFilter@6ddabb15, org.springframework.security.web.access.ExceptionTranslationFilter@77645747, org.springframework.security.web.access.intercept.FilterSecurityInterceptor@7fbe4c5b]
2020-08-19 21:34:25 [restartedMain] [INFO] o.s.s.c.ThreadPoolTaskExecutor - Initializing ExecutorService 'applicationTaskExecutor'
2020-08-19 21:34:25 [restartedMain] [WARN] o.s.b.a.t.ThymeleafAutoConfiguration$DefaultTemplateResolverConfiguration - Cannot find template location: classpath:/templates/ (please add some templates or check your Thymeleaf configuration)
2020-08-19 21:34:25 [restartedMain] [WARN] o.t.templatemode.TemplateMode - [THYMELEAF][restartedMain] Template Mode 'LEGACYHTML5' is deprecated. Using Template Mode 'HTML' instead.
2020-08-19 21:34:25 [restartedMain] [DEBUG] o.m.s.b.a.MybatisAutoConfiguration - Not found configuration for registering mapper bean using @MapperScan, MapperFactoryBean and MapperScannerConfigurer.
2020-08-19 21:34:25 [restartedMain] [INFO] com.zaxxer.hikari.HikariDataSource - HikariPool-1 - Starting...
2020-08-19 21:34:25 [restartedMain] [INFO] com.zaxxer.hikari.HikariDataSource - HikariPool-1 - Start completed.
2020-08-19 21:34:25 [restartedMain] [INFO] o.s.b.d.a.OptionalLiveReloadServer - LiveReload server is running on port 35729
2020-08-19 21:34:25 [restartedMain] [INFO] o.a.coyote.http11.Http11NioProtocol - Starting ProtocolHandler ["http-nio-8080"]
2020-08-19 21:34:25 [restartedMain] [INFO] o.s.b.w.e.tomcat.TomcatWebServer - Tomcat started on port(s): 8080 (http) with context path ''
2020-08-19 21:34:25 [restartedMain] [INFO] com.onlinecode.BizcodeApplication - Started BizcodeApplication in 4.7 seconds (JVM running for 5.747)
2020-08-19 21:34:39 [http-nio-8080-exec-1] [INFO] o.a.c.c.C.[Tomcat].[localhost].[/] - Initializing Spring DispatcherServlet 'dispatcherServlet'
2020-08-19 21:34:39 [http-nio-8080-exec-1] [INFO] o.s.web.servlet.DispatcherServlet - Initializing Servlet 'dispatcherServlet'
2020-08-19 21:34:39 [http-nio-8080-exec-1] [INFO] o.s.web.servlet.DispatcherServlet - Completed initialization in 7 ms
2020-08-19 21:34:39 [http-nio-8080-exec-3] [DEBUG] org.mybatis.spring.SqlSessionUtils - Creating a new SqlSession
2020-08-19 21:34:39 [http-nio-8080-exec-3] [DEBUG] org.mybatis.spring.SqlSessionUtils - SqlSession [org.apache.ibatis.session.defaults.DefaultSqlSession@4c3432c4] was not registered for synchronization because synchronization is not active
2020-08-19 21:34:39 [http-nio-8080-exec-3] [DEBUG] o.m.s.t.SpringManagedTransaction - JDBC Connection [HikariProxyConnection@501741404 wrapping org.postgresql.jdbc.PgConnection@5dc27d50] will not be managed by Spring
2020-08-19 21:34:39 [http-nio-8080-exec-3] [DEBUG] c.b.c.d.D.getUserByName - ==>  Preparing: select u.id , u.user_name , u."password" , u.account_expired , u.account_locked , u.credentials_expired , u.enabled , a."name" as "authority_name" , a.id as "authority_id" from user_ u inner join users_authorities ua on ua.user_id = u.id inner join authority a on a.id = ua.authority_id where u.user_name = ? 
2020-08-19 21:34:39 [http-nio-8080-exec-3] [DEBUG] c.b.c.d.D.getUserByName - ==> Parameters: admin(String)
2020-08-19 21:34:39 [http-nio-8080-exec-3] [DEBUG] c.b.c.d.D.getUserByName - <==      Total: 9
2020-08-19 21:34:39 [http-nio-8080-exec-3] [DEBUG] org.mybatis.spring.SqlSessionUtils - Closing non transactional SqlSession [org.apache.ibatis.session.defaults.DefaultSqlSession@4c3432c4]
2020-08-19 21:34:39 [http-nio-8080-exec-3] [INFO] o.s.s.o.p.token.store.JdbcTokenStore - Failed to find access token for token 17c94a21-085f-431a-bbef-4011788a19d6
2020-08-19 21:34:39 [http-nio-8080-exec-4] [DEBUG] org.mybatis.spring.SqlSessionUtils - Creating a new SqlSession
2020-08-19 21:34:39 [http-nio-8080-exec-4] [DEBUG] org.mybatis.spring.SqlSessionUtils - SqlSession [org.apache.ibatis.session.defaults.DefaultSqlSession@6a553ad7] was not registered for synchronization because synchronization is not active
2020-08-19 21:34:39 [http-nio-8080-exec-4] [DEBUG] o.m.s.t.SpringManagedTransaction - JDBC Connection [HikariProxyConnection@841821253 wrapping org.postgresql.jdbc.PgConnection@5dc27d50] will not be managed by Spring
2020-08-19 21:34:39 [http-nio-8080-exec-4] [DEBUG] c.b.a.dao.UserDao.loadUserByUserName - ==>  Preparing: select u.id , u.account_expired , u.account_locked , u.credentials_expired , u.enabled , u.user_name , u.resource_img_id from user_ u where u.user_name = ? 
2020-08-19 21:34:39 [http-nio-8080-exec-4] [DEBUG] c.b.a.dao.UserDao.loadUserByUserName - ==> Parameters: admin(String)
2020-08-19 21:34:39 [http-nio-8080-exec-4] [DEBUG] c.b.a.dao.UserDao.loadUserByUserName - <==      Total: 1
2020-08-19 21:34:39 [http-nio-8080-exec-4] [DEBUG] org.mybatis.spring.SqlSessionUtils - Closing non transactional SqlSession [org.apache.ibatis.session.defaults.DefaultSqlSession@6a553ad7]
2020-08-19 21:44:26 [RMI TCP Accept-0] [WARN] sun.rmi.transport.tcp - RMI TCP Accept-0: accept loop for ServerSocket[addr=0.0.0.0/0.0.0.0,localport=51610] throws
java.io.IOException: The server sockets created using the LocalRMIServerSocketFactory only accept connections from clients running on the host where the RMI remote objects have been exported.
	at jdk.management.agent/sun.management.jmxremote.LocalRMIServerSocketFactory$1.accept(LocalRMIServerSocketFactory.java:114)
	at java.rmi/sun.rmi.transport.tcp.TCPTransport$AcceptLoop.executeAcceptLoop(TCPTransport.java:394)
	at java.rmi/sun.rmi.transport.tcp.TCPTransport$AcceptLoop.run(TCPTransport.java:366)
	at java.base/java.lang.Thread.run(Thread.java:834)
2020-08-19 21:44:26 [RMI TCP Accept-0] [WARN] sun.rmi.transport.tcp - RMI TCP Accept-0: accept loop for ServerSocket[addr=0.0.0.0/0.0.0.0,localport=51610] throws
java.io.IOException: The server sockets created using the LocalRMIServerSocketFactory only accept connections from clients running on the host where the RMI remote objects have been exported.
	at jdk.management.agent/sun.management.jmxremote.LocalRMIServerSocketFactory$1.accept(LocalRMIServerSocketFactory.java:114)
	at java.rmi/sun.rmi.transport.tcp.TCPTransport$AcceptLoop.executeAcceptLoop(TCPTransport.java:394)
	at java.rmi/sun.rmi.transport.tcp.TCPTransport$AcceptLoop.run(TCPTransport.java:366)
	at java.base/java.lang.Thread.run(Thread.java:834)
2020-08-19 21:44:27 [RMI TCP Accept-0] [WARN] sun.rmi.transport.tcp - RMI TCP Accept-0: accept loop for ServerSocket[addr=0.0.0.0/0.0.0.0,localport=51610] throws
java.io.IOException: The server sockets created using the LocalRMIServerSocketFactory only accept connections from clients running on the host where the RMI remote objects have been exported.
	at jdk.management.agent/sun.management.jmxremote.LocalRMIServerSocketFactory$1.accept(LocalRMIServerSocketFactory.java:114)
	at java.rmi/sun.rmi.transport.tcp.TCPTransport$AcceptLoop.executeAcceptLoop(TCPTransport.java:394)
	at java.rmi/sun.rmi.transport.tcp.TCPTransport$AcceptLoop.run(TCPTransport.java:366)
	at java.base/java.lang.Thread.run(Thread.java:834)
2020-08-19 21:44:29 [RMI TCP Accept-0] [WARN] sun.rmi.transport.tcp - RMI TCP Accept-0: accept loop for ServerSocket[addr=0.0.0.0/0.0.0.0,localport=51610] throws
java.io.IOException: The server sockets created using the LocalRMIServerSocketFactory only accept connections from clients running on the host where the RMI remote objects have been exported.
	at jdk.management.agent/sun.management.jmxremote.LocalRMIServerSocketFactory$1.accept(LocalRMIServerSocketFactory.java:114)
	at java.rmi/sun.rmi.transport.tcp.TCPTransport$AcceptLoop.executeAcceptLoop(TCPTransport.java:394)
	at java.rmi/sun.rmi.transport.tcp.TCPTransport$AcceptLoop.run(TCPTransport.java:366)
	at java.base/java.lang.Thread.run(Thread.java:834)
2020-08-19 21:44:33 [RMI TCP Accept-0] [WARN] sun.rmi.transport.tcp - RMI TCP Accept-0: accept loop for ServerSocket[addr=0.0.0.0/0.0.0.0,localport=51610] throws
java.io.IOException: The server sockets created using the LocalRMIServerSocketFactory only accept connections from clients running on the host where the RMI remote objects have been exported.
	at jdk.management.agent/sun.management.jmxremote.LocalRMIServerSocketFactory$1.accept(LocalRMIServerSocketFactory.java:114)
	at java.rmi/sun.rmi.transport.tcp.TCPTransport$AcceptLoop.executeAcceptLoop(TCPTransport.java:394)
	at java.rmi/sun.rmi.transport.tcp.TCPTransport$AcceptLoop.run(TCPTransport.java:366)
	at java.base/java.lang.Thread.run(Thread.java:834)
2020-08-19 21:44:42 [RMI TCP Accept-0] [WARN] sun.rmi.transport.tcp - RMI TCP Accept-0: accept loop for ServerSocket[addr=0.0.0.0/0.0.0.0,localport=51610] throws
java.io.IOException: The server sockets created using the LocalRMIServerSocketFactory only accept connections from clients running on the host where the RMI remote objects have been exported.
	at jdk.management.agent/sun.management.jmxremote.LocalRMIServerSocketFactory$1.accept(LocalRMIServerSocketFactory.java:114)
	at java.rmi/sun.rmi.transport.tcp.TCPTransport$AcceptLoop.executeAcceptLoop(TCPTransport.java:394)
	at java.rmi/sun.rmi.transport.tcp.TCPTransport$AcceptLoop.run(TCPTransport.java:366)
	at java.base/java.lang.Thread.run(Thread.java:834)
2020-08-19 21:44:58 [RMI TCP Accept-0] [WARN] sun.rmi.transport.tcp - RMI TCP Accept-0: accept loop for ServerSocket[addr=0.0.0.0/0.0.0.0,localport=51610] throws
java.io.IOException: The server sockets created using the LocalRMIServerSocketFactory only accept connections from clients running on the host where the RMI remote objects have been exported.
	at jdk.management.agent/sun.management.jmxremote.LocalRMIServerSocketFactory$1.accept(LocalRMIServerSocketFactory.java:114)
	at java.rmi/sun.rmi.transport.tcp.TCPTransport$AcceptLoop.executeAcceptLoop(TCPTransport.java:394)
	at java.rmi/sun.rmi.transport.tcp.TCPTransport$AcceptLoop.run(TCPTransport.java:366)
	at java.base/java.lang.Thread.run(Thread.java:834)
2020-08-19 21:45:30 [RMI TCP Accept-0] [WARN] sun.rmi.transport.tcp - RMI TCP Accept-0: accept loop for ServerSocket[addr=0.0.0.0/0.0.0.0,localport=51610] throws
java.io.IOException: The server sockets created using the LocalRMIServerSocketFactory only accept connections from clients running on the host where the RMI remote objects have been exported.
	at jdk.management.agent/sun.management.jmxremote.LocalRMIServerSocketFactory$1.accept(LocalRMIServerSocketFactory.java:114)
	at java.rmi/sun.rmi.transport.tcp.TCPTransport$AcceptLoop.executeAcceptLoop(TCPTransport.java:394)
	at java.rmi/sun.rmi.transport.tcp.TCPTransport$AcceptLoop.run(TCPTransport.java:366)
	at java.base/java.lang.Thread.run(Thread.java:834)
